#
# There is insufficient memory for the Java Runtime Environment to continue.
# Native memory allocation (malloc) failed to allocate 1209696 bytes for Chunk::new
# Possible reasons:
#   The system is out of physical RAM or swap space
#   In 32 bit mode, the process size limit was hit
# Possible solutions:
#   Reduce memory load on the system
#   Increase physical memory or swap space
#   Check if swap backing store is full
#   Use 64 bit Java on a 64 bit OS
#   Decrease Java heap size (-Xmx/-Xms)
#   Decrease number of Java threads
#   Decrease Java thread stack sizes (-Xss)
#   Set larger code cache with -XX:ReservedCodeCacheSize=
# This output file may be truncated or incomplete.
#
#  Out of Memory Error (allocation.cpp:390), pid=14816, tid=0x00000000000051d8
#
# JRE version: Java(TM) SE Runtime Environment (8.0_181-b13) (build 1.8.0_181-b13)
# Java VM: Java HotSpot(TM) 64-Bit Server VM (25.181-b13 mixed mode windows-amd64 compressed oops)
# Failed to write core dump. Minidumps are not enabled by default on client versions of Windows
#

---------------  T H R E A D  ---------------

Current thread (0x0000000017e52800):  JavaThread "C2 CompilerThread0" daemon [_thread_in_native, id=20952, stack(0x00000000194f0000,0x00000000195f0000)]

Stack: [0x00000000194f0000,0x00000000195f0000]
[error occurred during error reporting (printing stack bounds), id 0xc0000005]

Native frames: (J=compiled Java code, j=interpreted, Vv=VM code, C=native code)


Current CompileTask:
C2:  20019 4746   !   4       java.net.URLClassLoader$1::run (63 bytes)


---------------  P R O C E S S  ---------------

Java Threads: ( => current thread )
  0x000000001ef7d000 JavaThread "jar transforms Thread 12" [_thread_blocked, id=12608, stack(0x00000000243d0000,0x00000000244d0000)]
  0x000000001ef79800 JavaThread "jar transforms Thread 11" [_thread_blocked, id=21116, stack(0x00000000242d0000,0x00000000243d0000)]
  0x000000001ef7b000 JavaThread "jar transforms Thread 10" [_thread_blocked, id=16224, stack(0x00000000241d0000,0x00000000242d0000)]
  0x000000001ef7a000 JavaThread "jar transforms Thread 9" [_thread_blocked, id=1616, stack(0x00000000240d0000,0x00000000241d0000)]
  0x000000001ef78800 JavaThread "jar transforms Thread 8" [_thread_blocked, id=11696, stack(0x0000000023fd0000,0x00000000240d0000)]
  0x000000001ef7c800 JavaThread "jar transforms Thread 7" [_thread_blocked, id=15344, stack(0x0000000023ed0000,0x0000000023fd0000)]
  0x000000001ef7e800 JavaThread "jar transforms Thread 6" [_thread_blocked, id=7588, stack(0x0000000023ba0000,0x0000000023ca0000)]
  0x000000001ef71000 JavaThread "jar transforms Thread 5" [_thread_blocked, id=15200, stack(0x0000000023dd0000,0x0000000023ed0000)]
  0x000000001ef78000 JavaThread "jar transforms Thread 4" [_thread_blocked, id=4980, stack(0x0000000023cd0000,0x0000000023dd0000)]
  0x000000001ef77000 JavaThread "jar transforms Thread 3" [_thread_blocked, id=3340, stack(0x0000000023aa0000,0x0000000023ba0000)]
  0x000000001ef6f800 JavaThread "jar transforms Thread 2" [_thread_blocked, id=16316, stack(0x00000000233c0000,0x00000000234c0000)]
  0x000000001ef76800 JavaThread "Build operations Thread 4" [_thread_blocked, id=11636, stack(0x00000000237d0000,0x00000000238d0000)]
  0x000000001ef72000 JavaThread "Build operations Thread 3" [_thread_blocked, id=21912, stack(0x00000000236d0000,0x00000000237d0000)]
  0x000000001ef75000 JavaThread "Build operations Thread 2" [_thread_blocked, id=18884, stack(0x00000000235d0000,0x00000000236d0000)]
  0x000000001ef74000 JavaThread "Build operations" [_thread_blocked, id=11832, stack(0x00000000234d0000,0x00000000235d0000)]
  0x000000001ef72800 JavaThread "Cache worker for Build Output Cleanup Cache (C:\Users\HP\Documents\4YDAYS\app\android\.gradle\buildOutputCleanup)" [_thread_blocked, id=3240, stack(0x0000000022e30000,0x0000000022f30000)]
  0x000000001ef75800 JavaThread "Cache worker for file content cache (C:\Users\HP\.gradle\caches\6.8\fileContent)" [_thread_blocked, id=22360, stack(0x0000000022330000,0x0000000022430000)]
  0x000000001bad2800 JavaThread "jar transforms" [_thread_blocked, id=2380, stack(0x0000000022230000,0x0000000022330000)]
  0x000000001bad5800 JavaThread "Cache worker for execution history cache (C:\Users\HP\.gradle\caches\6.8\executionHistory)" [_thread_blocked, id=10792, stack(0x0000000021b30000,0x0000000021c30000)]
  0x000000001bad1000 JavaThread "Cache worker for cache directory md-rule (C:\Users\HP\.gradle\caches\6.8\md-rule)" [_thread_blocked, id=20052, stack(0x0000000021a30000,0x0000000021b30000)]
  0x000000001bad4800 JavaThread "Cache worker for cache directory md-supplier (C:\Users\HP\.gradle\caches\6.8\md-supplier)" [_thread_blocked, id=11780, stack(0x00000000202e0000,0x00000000203e0000)]
  0x000000001bad6000 JavaThread "Cache worker for checksums cache (C:\Users\HP\Documents\4YDAYS\app\android\.gradle\checksums)" [_thread_blocked, id=1520, stack(0x00000000201e0000,0x00000000202e0000)]
  0x000000001bad0000 JavaThread "Cache worker for file hash cache (C:\Users\HP\Documents\4YDAYS\app\android\.gradle\6.8\fileHashes)" [_thread_blocked, id=20672, stack(0x0000000020490000,0x0000000020590000)]
  0x000000001bad4000 JavaThread "Cache worker for journal cache (C:\Users\HP\.gradle\caches\journal-1)" [_thread_blocked, id=19036, stack(0x000000001df40000,0x000000001e040000)]
  0x000000001bad3000 JavaThread "File lock request listener" [_thread_in_native, id=2744, stack(0x000000001de40000,0x000000001df40000)]
  0x000000001bad7000 JavaThread "Cache worker for file hash cache (C:\Users\HP\.gradle\caches\6.8\fileHashes)" [_thread_blocked, id=5508, stack(0x000000001dc40000,0x000000001dd40000)]
  0x000000001b948800 JavaThread "Daemon client event forwarder" [_thread_blocked, id=19336, stack(0x000000001d940000,0x000000001da40000)]
  0x000000001b955800 JavaThread "Stdin handler" [_thread_blocked, id=19704, stack(0x000000001d840000,0x000000001d940000)]
  0x000000001b943800 JavaThread "Asynchronous log dispatcher for DefaultDaemonConnection: socket connection from /127.0.0.1:51589 to /127.0.0.1:51590" [_thread_blocked, id=2728, stack(0x000000001d740000,0x000000001d840000)]
  0x000000001b92f000 JavaThread "Daemon worker" [_thread_blocked, id=9440, stack(0x000000001d640000,0x000000001d740000)]
  0x000000001b92e000 JavaThread "Cancel handler" [_thread_blocked, id=20356, stack(0x000000001d540000,0x000000001d640000)]
  0x000000001b928800 JavaThread "Handler for socket connection from /127.0.0.1:51589 to /127.0.0.1:51590" [_thread_in_native, id=10752, stack(0x000000001d440000,0x000000001d540000)]
  0x000000001b927800 JavaThread "Daemon" [_thread_blocked, id=20576, stack(0x000000001d340000,0x000000001d440000)]
  0x000000001b924800 JavaThread "Daemon periodic checks" [_thread_blocked, id=8444, stack(0x000000001d040000,0x000000001d140000)]
  0x000000001b95b000 JavaThread "Incoming local TCP Connector on port 51589" [_thread_in_native, id=9992, stack(0x000000001cdd0000,0x000000001ced0000)]
  0x000000001b522000 JavaThread "Daemon health stats" [_thread_blocked, id=12372, stack(0x000000001b7c0000,0x000000001b8c0000)]
  0x0000000019818800 JavaThread "Service Thread" daemon [_thread_blocked, id=18180, stack(0x0000000019bf0000,0x0000000019cf0000)]
  0x0000000017e5f800 JavaThread "C1 CompilerThread2" daemon [_thread_blocked, id=19936, stack(0x00000000196f0000,0x00000000197f0000)]
  0x0000000017e56800 JavaThread "C2 CompilerThread1" daemon [_thread_in_native, id=22364, stack(0x00000000195f0000,0x00000000196f0000)]
=>0x0000000017e52800 JavaThread "C2 CompilerThread0" daemon [_thread_in_native, id=20952, stack(0x00000000194f0000,0x00000000195f0000)]
  0x0000000017e50800 JavaThread "Attach Listener" daemon [_thread_blocked, id=21360, stack(0x00000000193f0000,0x00000000194f0000)]
  0x0000000003229000 JavaThread "Signal Dispatcher" daemon [_thread_blocked, id=10528, stack(0x00000000192f0000,0x00000000193f0000)]
  0x0000000017e40000 JavaThread "Finalizer" daemon [_thread_blocked, id=20960, stack(0x00000000190c0000,0x00000000191c0000)]
  0x0000000003222000 JavaThread "Reference Handler" daemon [_thread_blocked, id=6412, stack(0x0000000018fc0000,0x00000000190c0000)]
  0x0000000003133800 JavaThread "main" [_thread_blocked, id=21128, stack(0x0000000002f60000,0x0000000003060000)]

Other Threads:
  0x0000000017e18000 VMThread [stack: 0x0000000018ec0000,0x0000000018fc0000] [id=22064]
  0x0000000017eac000 WatcherThread [stack: 0x0000000019cf0000,0x0000000019df0000] [id=1876]

VM state:at safepoint (normal execution)

VM Mutex/Monitor currently owned by a thread:  ([mutex/lock_event])
[0x0000000003130cd0] Threads_lock - owner thread: 0x0000000017e18000
[0x0000000003132de0] Heap_lock - owner thread: 0x000000001ef7d000

Heap:
 PSYoungGen      total 168960K, used 168928K [0x00000000d5580000, 0x00000000e0880000, 0x0000000100000000)
  eden space 156672K, 100% used [0x00000000d5580000,0x00000000dee80000,0x00000000dee80000)
  from space 12288K, 99% used [0x00000000df080000,0x00000000dfc78020,0x00000000dfc80000)
  to   space 10240K, 50% used [0x00000000dfe80000,0x00000000e0395a20,0x00000000e0880000)
 ParOldGen       total 97792K, used 35482K [0x0000000080000000, 0x0000000085f80000, 0x00000000d5580000)
  object space 97792K, 36% used [0x0000000080000000,0x00000000822a6ad0,0x0000000085f80000)
 Metaspace       used 41510K, capacity 43660K, committed 43688K, reserved 1087488K
  class space    used 5749K, capacity 6292K, committed 6312K, reserved 1048576K

Card table byte_map: [0x00000000125f0000,0x0000000012a00000] byte_map_base: 0x00000000121f0000

Marking Bits: (ParMarkBitMap*) 0x0000000076d92d00
 Begin Bits: [0x00000000130b0000, 0x00000000150b0000)
 End Bits:   [0x00000000150b0000, 0x00000000170b0000)

Polling page: 0x0000000001690000

CodeCache: size=245760Kb used=14493Kb max_used=14493Kb free=231266Kb
 bounds [0x0000000003230000, 0x0000000004070000, 0x0000000012230000]
 total_blobs=5070 nmethods=4336 adapters=646
 compilation: enabled

Compilation events (10 events):
Event: 20.008 Thread 0x0000000017e5f800 5004       3       org.gradle.internal.snapshot.PathUtil::compareCharsIgnoringCase (46 bytes)
Event: 20.008 Thread 0x0000000017e5f800 nmethod 5004 0x0000000004064410 code [0x00000000040645a0, 0x0000000004064b28]
Event: 20.009 Thread 0x0000000017e5f800 5005       3       org.gradle.internal.snapshot.VfsRelativePath::computeCombinedCompare (20 bytes)
Event: 20.009 Thread 0x0000000017e5f800 nmethod 5005 0x0000000004064c50 code [0x0000000004064dc0, 0x0000000004064fc8]
Event: 20.010 Thread 0x0000000017e5f800 5006       1       org.gradle.internal.snapshot.ChildMap$Entry::getPath (5 bytes)
Event: 20.010 Thread 0x0000000017e5f800 nmethod 5006 0x0000000004065090 code [0x00000000040651e0, 0x00000000040652f0]
Event: 20.011 Thread 0x0000000017e5f800 5007       3       java.lang.Long::stringSize (38 bytes)
Event: 20.011 Thread 0x0000000017e5f800 nmethod 5007 0x0000000004065350 code [0x00000000040654c0, 0x0000000004065710]
Event: 20.011 Thread 0x0000000017e5f800 5008       3       java.lang.Long::getChars (221 bytes)
Event: 20.011 Thread 0x0000000017e5f800 nmethod 5008 0x00000000040657d0 code [0x00000000040659a0, 0x0000000004066010]

GC Heap History (10 events):
Event: 6.365 GC heap after
Heap after GC invocations=7 (full 1):
 PSYoungGen      total 116224K, used 11158K [0x00000000d5580000, 0x00000000dd480000, 0x0000000100000000)
  eden space 104448K, 0% used [0x00000000d5580000,0x00000000d5580000,0x00000000dbb80000)
  from space 11776K, 94% used [0x00000000dc800000,0x00000000dd2e5b38,0x00000000dd380000)
  to   space 12800K, 0% used [0x00000000dbb80000,0x00000000dbb80000,0x00000000dc800000)
 ParOldGen       total 97792K, used 8267K [0x0000000080000000, 0x0000000085f80000, 0x00000000d5580000)
  object space 97792K, 8% used [0x0000000080000000,0x0000000080812da0,0x0000000085f80000)
 Metaspace       used 33573K, capacity 34818K, committed 34944K, reserved 1079296K
  class space    used 4659K, capacity 4942K, committed 4992K, reserved 1048576K
}
Event: 10.535 GC heap before
{Heap before GC invocations=8 (full 1):
 PSYoungGen      total 116224K, used 115606K [0x00000000d5580000, 0x00000000dd480000, 0x0000000100000000)
  eden space 104448K, 100% used [0x00000000d5580000,0x00000000dbb80000,0x00000000dbb80000)
  from space 11776K, 94% used [0x00000000dc800000,0x00000000dd2e5b38,0x00000000dd380000)
  to   space 12800K, 0% used [0x00000000dbb80000,0x00000000dbb80000,0x00000000dc800000)
 ParOldGen       total 97792K, used 8267K [0x0000000080000000, 0x0000000085f80000, 0x00000000d5580000)
  object space 97792K, 8% used [0x0000000080000000,0x0000000080812da0,0x0000000085f80000)
 Metaspace       used 33583K, capacity 34818K, committed 34944K, reserved 1079296K
  class space    used 4659K, capacity 4942K, committed 4992K, reserved 1048576K
Event: 10.553 GC heap after
Heap after GC invocations=8 (full 1):
 PSYoungGen      total 117248K, used 9125K [0x00000000d5580000, 0x00000000e0a80000, 0x0000000100000000)
  eden space 104448K, 0% used [0x00000000d5580000,0x00000000d5580000,0x00000000dbb80000)
  from space 12800K, 71% used [0x00000000dbb80000,0x00000000dc4696c0,0x00000000dc800000)
  to   space 12288K, 0% used [0x00000000dfe80000,0x00000000dfe80000,0x00000000e0a80000)
 ParOldGen       total 97792K, used 8267K [0x0000000080000000, 0x0000000085f80000, 0x00000000d5580000)
  object space 97792K, 8% used [0x0000000080000000,0x0000000080812da0,0x0000000085f80000)
 Metaspace       used 33583K, capacity 34818K, committed 34944K, reserved 1079296K
  class space    used 4659K, capacity 4942K, committed 4992K, reserved 1048576K
}
Event: 13.441 GC heap before
{Heap before GC invocations=9 (full 1):
 PSYoungGen      total 117248K, used 89711K [0x00000000d5580000, 0x00000000e0a80000, 0x0000000100000000)
  eden space 104448K, 77% used [0x00000000d5580000,0x00000000da432860,0x00000000dbb80000)
  from space 12800K, 71% used [0x00000000dbb80000,0x00000000dc4696c0,0x00000000dc800000)
  to   space 12288K, 0% used [0x00000000dfe80000,0x00000000dfe80000,0x00000000e0a80000)
 ParOldGen       total 97792K, used 8267K [0x0000000080000000, 0x0000000085f80000, 0x00000000d5580000)
  object space 97792K, 8% used [0x0000000080000000,0x0000000080812da0,0x0000000085f80000)
 Metaspace       used 33994K, capacity 35314K, committed 35496K, reserved 1079296K
  class space    used 4722K, capacity 5004K, committed 5032K, reserved 1048576K
Event: 13.461 GC heap after
Heap after GC invocations=9 (full 1):
 PSYoungGen      total 166912K, used 9989K [0x00000000d5580000, 0x00000000e0880000, 0x0000000100000000)
  eden space 156672K, 0% used [0x00000000d5580000,0x00000000d5580000,0x00000000dee80000)
  from space 10240K, 97% used [0x00000000dfe80000,0x00000000e0841680,0x00000000e0880000)
  to   space 12288K, 0% used [0x00000000df080000,0x00000000df080000,0x00000000dfc80000)
 ParOldGen       total 97792K, used 8275K [0x0000000080000000, 0x0000000085f80000, 0x00000000d5580000)
  object space 97792K, 8% used [0x0000000080000000,0x0000000080814da0,0x0000000085f80000)
 Metaspace       used 33994K, capacity 35314K, committed 35496K, reserved 1079296K
  class space    used 4722K, capacity 5004K, committed 5032K, reserved 1048576K
}
Event: 13.461 GC heap before
{Heap before GC invocations=10 (full 2):
 PSYoungGen      total 166912K, used 9989K [0x00000000d5580000, 0x00000000e0880000, 0x0000000100000000)
  eden space 156672K, 0% used [0x00000000d5580000,0x00000000d5580000,0x00000000dee80000)
  from space 10240K, 97% used [0x00000000dfe80000,0x00000000e0841680,0x00000000e0880000)
  to   space 12288K, 0% used [0x00000000df080000,0x00000000df080000,0x00000000dfc80000)
 ParOldGen       total 97792K, used 8275K [0x0000000080000000, 0x0000000085f80000, 0x00000000d5580000)
  object space 97792K, 8% used [0x0000000080000000,0x0000000080814da0,0x0000000085f80000)
 Metaspace       used 33994K, capacity 35314K, committed 35496K, reserved 1079296K
  class space    used 4722K, capacity 5004K, committed 5032K, reserved 1048576K
Event: 13.533 GC heap after
Heap after GC invocations=10 (full 2):
 PSYoungGen      total 166912K, used 0K [0x00000000d5580000, 0x00000000e0880000, 0x0000000100000000)
  eden space 156672K, 0% used [0x00000000d5580000,0x00000000d5580000,0x00000000dee80000)
  from space 10240K, 0% used [0x00000000dfe80000,0x00000000dfe80000,0x00000000e0880000)
  to   space 12288K, 0% used [0x00000000df080000,0x00000000df080000,0x00000000dfc80000)
 ParOldGen       total 97792K, used 16850K [0x0000000080000000, 0x0000000085f80000, 0x00000000d5580000)
  object space 97792K, 17% used [0x0000000080000000,0x0000000081074930,0x0000000085f80000)
 Metaspace       used 33994K, capacity 35314K, committed 35496K, reserved 1079296K
  class space    used 4722K, capacity 5004K, committed 5032K, reserved 1048576K
}
Event: 16.211 GC heap before
{Heap before GC invocations=11 (full 2):
 PSYoungGen      total 166912K, used 156672K [0x00000000d5580000, 0x00000000e0880000, 0x0000000100000000)
  eden space 156672K, 100% used [0x00000000d5580000,0x00000000dee80000,0x00000000dee80000)
  from space 10240K, 0% used [0x00000000dfe80000,0x00000000dfe80000,0x00000000e0880000)
  to   space 12288K, 0% used [0x00000000df080000,0x00000000df080000,0x00000000dfc80000)
 ParOldGen       total 97792K, used 16850K [0x0000000080000000, 0x0000000085f80000, 0x00000000d5580000)
  object space 97792K, 17% used [0x0000000080000000,0x0000000081074930,0x0000000085f80000)
 Metaspace       used 34375K, capacity 35816K, committed 36136K, reserved 1081344K
  class space    used 4749K, capacity 5072K, committed 5160K, reserved 1048576K
Event: 16.286 GC heap after
Heap after GC invocations=11 (full 2):
 PSYoungGen      total 168960K, used 12256K [0x00000000d5580000, 0x00000000e0880000, 0x0000000100000000)
  eden space 156672K, 0% used [0x00000000d5580000,0x00000000d5580000,0x00000000dee80000)
  from space 12288K, 99% used [0x00000000df080000,0x00000000dfc78020,0x00000000dfc80000)
  to   space 10240K, 0% used [0x00000000dfe80000,0x00000000dfe80000,0x00000000e0880000)
 ParOldGen       total 97792K, used 35482K [0x0000000080000000, 0x0000000085f80000, 0x00000000d5580000)
  object space 97792K, 36% used [0x0000000080000000,0x00000000822a6ad0,0x0000000085f80000)
 Metaspace       used 34375K, capacity 35816K, committed 36136K, reserved 1081344K
  class space    used 4749K, capacity 5072K, committed 5160K, reserved 1048576K
}
Event: 20.012 GC heap before
{Heap before GC invocations=12 (full 2):
 PSYoungGen      total 168960K, used 168928K [0x00000000d5580000, 0x00000000e0880000, 0x0000000100000000)
  eden space 156672K, 100% used [0x00000000d5580000,0x00000000dee80000,0x00000000dee80000)
  from space 12288K, 99% used [0x00000000df080000,0x00000000dfc78020,0x00000000dfc80000)
  to   space 10240K, 0% used [0x00000000dfe80000,0x00000000dfe80000,0x00000000e0880000)
 ParOldGen       total 97792K, used 35482K [0x0000000080000000, 0x0000000085f80000, 0x00000000d5580000)
  object space 97792K, 36% used [0x0000000080000000,0x00000000822a6ad0,0x0000000085f80000)
 Metaspace       used 41510K, capacity 43660K, committed 43688K, reserved 1087488K
  class space    used 5749K, capacity 6292K, committed 6312K, reserved 1048576K

Deoptimization events (10 events):
Event: 19.515 Thread 0x000000001b92f000 Uncommon trap: reason=class_check action=maybe_recompile pc=0x0000000003e63154 method=java.util.HashMap.computeIfAbsent(Ljava/lang/Object;Ljava/util/function/Function;)Ljava/lang/Object; @ 188
Event: 19.522 Thread 0x000000001b92f000 Uncommon trap: reason=class_check action=maybe_recompile pc=0x0000000003e63154 method=java.util.HashMap.computeIfAbsent(Ljava/lang/Object;Ljava/util/function/Function;)Ljava/lang/Object; @ 188
Event: 19.534 Thread 0x000000001b92f000 Uncommon trap: reason=class_check action=maybe_recompile pc=0x0000000003e63014 method=java.util.HashMap.computeIfAbsent(Ljava/lang/Object;Ljava/util/function/Function;)Ljava/lang/Object; @ 263
Event: 19.581 Thread 0x000000001b92f000 Uncommon trap: reason=unstable_if action=reinterpret pc=0x0000000003ebc6e4 method=java.util.regex.Pattern.has(I)Z @ 6
Event: 19.895 Thread 0x000000001ef74000 Uncommon trap: reason=class_check action=maybe_recompile pc=0x000000000365c9a8 method=java.util.concurrent.ConcurrentHashMap.putVal(Ljava/lang/Object;Ljava/lang/Object;Z)Ljava/lang/Object; @ 192
Event: 19.899 Thread 0x000000001b92f000 Uncommon trap: reason=unstable_if action=reinterpret pc=0x0000000003ed547c method=java.util.regex.Pattern.has(I)Z @ 6
Event: 19.899 Thread 0x000000001b92f000 Uncommon trap: reason=unstable_if action=reinterpret pc=0x0000000003576610 method=java.util.regex.Pattern.has(I)Z @ 6
Event: 19.912 Thread 0x000000001b92f000 Uncommon trap: reason=unstable_if action=reinterpret pc=0x000000000365ca5c method=java.util.concurrent.ConcurrentHashMap.addCount(JI)V @ 168
Event: 19.913 Thread 0x000000001ef72000 Uncommon trap: reason=unstable_if action=reinterpret pc=0x0000000003b49c14 method=java.util.concurrent.ConcurrentHashMap.addCount(JI)V @ 168
Event: 19.914 Thread 0x000000001ef75000 Uncommon trap: reason=unstable_if action=reinterpret pc=0x0000000003a50564 method=java.util.concurrent.ConcurrentHashMap.get(Ljava/lang/Object;)Ljava/lang/Object; @ 86

Classes redefined (0 events):
No events

Internal exceptions (10 events):
Event: 19.186 Thread 0x000000001b92f000 Exception <a 'java/lang/ClassNotFoundException': org/gradle/api/internal/artifacts/dsl/DefaultRepositoryHandler_DecoratedCustomizer> (0x00000000d9744bf0) thrown at [C:\re\workspace\8-2-build-windows-amd64-cygwin\jdk8u181\11358\hotspot\src\share\vm\classfi
Event: 19.303 Thread 0x000000001b92f000 Exception <a 'java/lang/ClassNotFoundException': org/gradle/api/internal/artifacts/dsl/dependencies/DefaultDependencyHandler_DecoratedBeanInfo> (0x00000000da76f490) thrown at [C:\re\workspace\8-2-build-windows-amd64-cygwin\jdk8u181\11358\hotspot\src\share
Event: 19.304 Thread 0x000000001b92f000 Exception <a 'java/lang/ClassNotFoundException': org/gradle/api/internal/artifacts/dsl/dependencies/DefaultDependencyHandlerBeanInfo> (0x00000000da7ccb88) thrown at [C:\re\workspace\8-2-build-windows-amd64-cygwin\jdk8u181\11358\hotspot\src\share\vm\classf
Event: 19.304 Thread 0x000000001b92f000 Exception <a 'java/lang/ClassNotFoundException': org/gradle/api/internal/artifacts/dsl/dependencies/DefaultDependencyHandlerCustomizer> (0x00000000da82b4f8) thrown at [C:\re\workspace\8-2-build-windows-amd64-cygwin\jdk8u181\11358\hotspot\src\share\vm\clas
Event: 19.306 Thread 0x000000001b92f000 Exception <a 'java/lang/ClassNotFoundException': org/gradle/api/internal/artifacts/dsl/dependencies/DefaultDependencyHandler_DecoratedCustomizer> (0x00000000da8c7b50) thrown at [C:\re\workspace\8-2-build-windows-amd64-cygwin\jdk8u181\11358\hotspot\src\sha
Event: 19.361 Thread 0x000000001b92f000 Exception <a 'java/lang/NoSuchMethodError': java.lang.Object.lambda$static$0(Lorg/gradle/api/internal/artifacts/configurations/MutationValidator$MutationType;)V> (0x00000000db075048) thrown at [C:\re\workspace\8-2-build-windows-amd64-cygwin\jdk8u181\11358
Event: 19.423 Thread 0x000000001b92f000 Exception <a 'java/lang/NoSuchMethodError': java.lang.Object.lambda$static$0(Lorg/gradle/internal/component/model/DependencyMetadata;)Lorg/gradle/api/internal/artifacts/ivyservice/dependencysubstitution/DependencySubstitutionApplicator$SubstitutionResult;
Event: 19.513 Thread 0x000000001b92f000 Exception <a 'java/lang/IncompatibleClassChangeError': Found class java.lang.Object, but interface was expected> (0x00000000dc5a9640) thrown at [C:\re\workspace\8-2-build-windows-amd64-cygwin\jdk8u181\11358\hotspot\src\share\vm\interpreter\linkResolver.cp
Event: 19.514 Thread 0x000000001b92f000 Exception <a 'java/lang/NoSuchMethodError': java.lang.Object.lambda$thenComparing$36697e65$1(Ljava/util/Comparator;Ljava/lang/Object;Ljava/lang/Object;)I> (0x00000000dc5b1fd0) thrown at [C:\re\workspace\8-2-build-windows-amd64-cygwin\jdk8u181\11358\hotspo
Event: 19.606 Thread 0x000000001b92f000 Exception <a 'java/lang/NoSuchMethodError': java.lang.Object.lambda$static$0()Z> (0x00000000dd160b68) thrown at [C:\re\workspace\8-2-build-windows-amd64-cygwin\jdk8u181\11358\hotspot\src\share\vm\interpreter\linkResolver.cpp, line 620]

Events (10 events):
Event: 19.998 Thread 0x000000001ef78000 Thread added: 0x000000001ef78000
Event: 20.001 Thread 0x000000001ef71000 Thread added: 0x000000001ef71000
Event: 20.003 Thread 0x000000001ef7e800 Thread added: 0x000000001ef7e800
Event: 20.004 Thread 0x000000001ef7c800 Thread added: 0x000000001ef7c800
Event: 20.005 Thread 0x000000001ef78800 Thread added: 0x000000001ef78800
Event: 20.007 Thread 0x000000001ef7a000 Thread added: 0x000000001ef7a000
Event: 20.008 Thread 0x000000001ef7b000 Thread added: 0x000000001ef7b000
Event: 20.009 Thread 0x000000001ef79800 Thread added: 0x000000001ef79800
Event: 20.011 Thread 0x000000001ef7d000 Thread added: 0x000000001ef7d000
Event: 20.012 Executing VM operation: ParallelGCFailedAllocation


Dynamic libraries:
0x00007ff66a100000 - 0x00007ff66a137000 	C:\Program Files\Java\jdk1.8.0_181\bin\java.exe
0x00007ffeb3d30000 - 0x00007ffeb3f25000 	C:\WINDOWS\SYSTEM32\ntdll.dll
0x00007ffeb2360000 - 0x00007ffeb241d000 	C:\WINDOWS\System32\KERNEL32.DLL
0x00007ffeb16a0000 - 0x00007ffeb1968000 	C:\WINDOWS\System32\KERNELBASE.dll
0x00007ffeb3120000 - 0x00007ffeb31cc000 	C:\WINDOWS\System32\ADVAPI32.dll
0x00007ffeb2a90000 - 0x00007ffeb2b2e000 	C:\WINDOWS\System32\msvcrt.dll
0x00007ffeb3080000 - 0x00007ffeb311b000 	C:\WINDOWS\System32\sechost.dll
0x00007ffeb1e70000 - 0x00007ffeb1f9b000 	C:\WINDOWS\System32\RPCRT4.dll
0x00007ffeb2030000 - 0x00007ffeb21d0000 	C:\WINDOWS\System32\USER32.dll
0x00007ffeb1470000 - 0x00007ffeb1492000 	C:\WINDOWS\System32\win32u.dll
0x00007ffeb3c30000 - 0x00007ffeb3c5a000 	C:\WINDOWS\System32\GDI32.dll
0x00007ffeb1c90000 - 0x00007ffeb1d9b000 	C:\WINDOWS\System32\gdi32full.dll
0x00007ffeb15a0000 - 0x00007ffeb163d000 	C:\WINDOWS\System32\msvcp_win.dll
0x00007ffeb1970000 - 0x00007ffeb1a70000 	C:\WINDOWS\System32\ucrtbase.dll
0x00007ffe9c3d0000 - 0x00007ffe9c66a000 	C:\WINDOWS\WinSxS\amd64_microsoft.windows.common-controls_6595b64144ccf1df_6.0.19041.1052_none_60b8f8fd71f5e8cb\COMCTL32.dll
0x00007ffeb3c60000 - 0x00007ffeb3c90000 	C:\WINDOWS\System32\IMM32.DLL
0x0000000077940000 - 0x0000000077a12000 	C:\Program Files\Java\jdk1.8.0_181\jre\bin\msvcr100.dll
0x0000000076570000 - 0x0000000076e12000 	C:\Program Files\Java\jdk1.8.0_181\jre\bin\server\jvm.dll
0x00007ffeb2000000 - 0x00007ffeb2008000 	C:\WINDOWS\System32\PSAPI.DLL
0x00007ffea2e10000 - 0x00007ffea2e37000 	C:\WINDOWS\SYSTEM32\WINMM.dll
0x00007ffea64a0000 - 0x00007ffea64aa000 	C:\WINDOWS\SYSTEM32\VERSION.dll
0x00007ffe8d660000 - 0x00007ffe8d669000 	C:\WINDOWS\SYSTEM32\WSOCK32.dll
0x00007ffeb22f0000 - 0x00007ffeb235b000 	C:\WINDOWS\System32\WS2_32.dll
0x0000000050000000 - 0x000000005000f000 	C:\Program Files\Java\jdk1.8.0_181\jre\bin\verify.dll
0x0000000077910000 - 0x0000000077939000 	C:\Program Files\Java\jdk1.8.0_181\jre\bin\java.dll
0x00000000778f0000 - 0x0000000077906000 	C:\Program Files\Java\jdk1.8.0_181\jre\bin\zip.dll
0x00007ffeb32e0000 - 0x00007ffeb3a1f000 	C:\WINDOWS\System32\SHELL32.dll
0x00007ffeaf550000 - 0x00007ffeafce0000 	C:\WINDOWS\SYSTEM32\windows.storage.dll
0x00007ffeb2420000 - 0x00007ffeb2775000 	C:\WINDOWS\System32\combase.dll
0x00007ffeb0e10000 - 0x00007ffeb0e3c000 	C:\WINDOWS\SYSTEM32\Wldp.dll
0x00007ffeb29e0000 - 0x00007ffeb2a8e000 	C:\WINDOWS\System32\SHCORE.dll
0x00007ffeb3c90000 - 0x00007ffeb3ce5000 	C:\WINDOWS\System32\shlwapi.dll
0x00007ffeb13b0000 - 0x00007ffeb13cf000 	C:\WINDOWS\SYSTEM32\profapi.dll
0x00000000778d0000 - 0x00000000778ea000 	C:\Program Files\Java\jdk1.8.0_181\jre\bin\net.dll
0x00007ffeb0b80000 - 0x00007ffeb0bea000 	C:\WINDOWS\system32\mswsock.dll
0x00000000778b0000 - 0x00000000778c1000 	C:\Program Files\Java\jdk1.8.0_181\jre\bin\nio.dll
0x00007ffe92820000 - 0x00007ffe92847000 	C:\Users\HP\.gradle\native\fdc75f09e3144964f2cf3f50f0aa648679c211496f362492102eb8c894070792\windows-amd64\native-platform.dll
0x00007ffe70920000 - 0x00007ffe70ab6000 	C:\Users\HP\.gradle\native\12488b8bf47d2d4c9fbf2f6322a914ad602e24e48041cd04a747c6da556b65c4\windows-amd64\native-platform-file-events.dll
0x0000000077df0000 - 0x0000000077dfd000 	C:\Program Files\Java\jdk1.8.0_181\jre\bin\management.dll
0x00007ffeb0d60000 - 0x00007ffeb0d78000 	C:\WINDOWS\SYSTEM32\CRYPTSP.dll
0x00007ffeb0520000 - 0x00007ffeb0554000 	C:\WINDOWS\system32\rsaenh.dll
0x00007ffeb1c60000 - 0x00007ffeb1c87000 	C:\WINDOWS\System32\bcrypt.dll
0x00007ffeb1370000 - 0x00007ffeb139e000 	C:\WINDOWS\SYSTEM32\USERENV.dll
0x00007ffeb1bd0000 - 0x00007ffeb1c53000 	C:\WINDOWS\System32\bcryptprimitives.dll
0x00007ffeb0d50000 - 0x00007ffeb0d5c000 	C:\WINDOWS\SYSTEM32\CRYPTBASE.dll
0x00007ffeb0870000 - 0x00007ffeb08ab000 	C:\WINDOWS\SYSTEM32\IPHLPAPI.DLL
0x00007ffeb29d0000 - 0x00007ffeb29d8000 	C:\WINDOWS\System32\NSI.dll
0x00007ffeab4d0000 - 0x00007ffeab4e7000 	C:\WINDOWS\SYSTEM32\dhcpcsvc6.DLL
0x00007ffeab240000 - 0x00007ffeab25d000 	C:\WINDOWS\SYSTEM32\dhcpcsvc.DLL
0x00007ffeb08b0000 - 0x00007ffeb097c000 	C:\WINDOWS\SYSTEM32\DNSAPI.dll
0x00007ffea6170000 - 0x00007ffea617b000 	C:\WINDOWS\SYSTEM32\WINNSI.DLL

VM Arguments:
jvm_args: -XX:MaxPermSize=512m -XX:+HeapDumpOnOutOfMemoryError -Xmx2048m -Dfile.encoding=UTF-8 -Duser.country=FR -Duser.language=fr -Duser.variant 
java_command: org.gradle.launcher.daemon.bootstrap.GradleDaemon 6.8
java_class_path (initial): C:\Users\HP\.gradle\wrapper\dists\gradle-6.8-all\9emh0d32e025cam7aasxcw002\gradle-6.8\lib\gradle-launcher-6.8.jar
Launcher Type: SUN_STANDARD

Environment Variables:
JAVA_HOME=C:\Program Files\Java\jdk1.8.0_181\
CLASSPATH=C:\Users\HP\Documents\4YDAYS\app\android\\gradle\wrapper\gradle-wrapper.jar
USERNAME=Mêriéèm
OS=Windows_NT
PROCESSOR_IDENTIFIER=Intel64 Family 6 Model 142 Stepping 9, GenuineIntel



---------------  S Y S T E M  ---------------

OS: Windows 10.0 , 64 bit Build 19041 (10.0.19041.1023)

CPU:total 4 (initial active 4) (2 cores per cpu, 2 threads per core) family 6 model 142 stepping 9, cmov, cx8, fxsr, mmx, sse, sse2, sse3, ssse3, sse4.1, sse4.2, popcnt, avx, avx2, aes, clmul, erms, 3dnowpref, lzcnt, ht, tsc, tscinvbit, bmi1, bmi2, adx

Memory: 4k page, physical 16671948k(3269652k free), swap 17720524k(5540k free)

vm_info: Java HotSpot(TM) 64-Bit Server VM (25.181-b13) for windows-amd64 JRE (1.8.0_181-b13), built on Jul  7 2018 04:01:33 by "java_re" with MS VC++ 10.0 (VS2010)

time: Wed Jun 16 11:58:45 2021
elapsed time: 20 seconds (0d 0h 0m 20s)

