#
# There is insufficient memory for the Java Runtime Environment to continue.
# Native memory allocation (malloc) failed to allocate 32744 bytes for ChunkPool::allocate
# Possible reasons:
#   The system is out of physical RAM or swap space
#   In 32 bit mode, the process size limit was hit
# Possible solutions:
#   Reduce memory load on the system
#   Increase physical memory or swap space
#   Check if swap backing store is full
#   Use 64 bit Java on a 64 bit OS
#   Decrease Java heap size (-Xmx/-Xms)
#   Decrease number of Java threads
#   Decrease Java thread stack sizes (-Xss)
#   Set larger code cache with -XX:ReservedCodeCacheSize=
# This output file may be truncated or incomplete.
#
#  Out of Memory Error (allocation.cpp:273), pid=7212, tid=0x0000000000004b80
#
# JRE version: Java(TM) SE Runtime Environment (8.0_181-b13) (build 1.8.0_181-b13)
# Java VM: Java HotSpot(TM) 64-Bit Server VM (25.181-b13 mixed mode windows-amd64 compressed oops)
# Failed to write core dump. Minidumps are not enabled by default on client versions of Windows
#

---------------  T H R E A D  ---------------

Current thread (0x000000001bb1f800):  JavaThread "C2 CompilerThread0" daemon [_thread_in_native, id=19328, stack(0x000000001d1b0000,0x000000001d2b0000)]

Stack: [0x000000001d1b0000,0x000000001d2b0000]
[error occurred during error reporting (printing stack bounds), id 0xc0000005]

Native frames: (J=compiled Java code, j=interpreted, Vv=VM code, C=native code)


Current CompileTask:
C2:   1540 1532       4       com.sun.nio.zipfs.ZipFileSystem::addToTree (119 bytes)


---------------  P R O C E S S  ---------------

Java Threads: ( => current thread )
  0x000000001d4e0800 JavaThread "Service Thread" daemon [_thread_blocked, id=18568, stack(0x000000001d8b0000,0x000000001d9b0000)]
  0x000000001bb32000 JavaThread "C1 CompilerThread2" daemon [_thread_blocked, id=22280, stack(0x000000001d3b0000,0x000000001d4b0000)]
  0x000000001bb23000 JavaThread "C2 CompilerThread1" daemon [_thread_in_native, id=17704, stack(0x000000001d2b0000,0x000000001d3b0000)]
=>0x000000001bb1f800 JavaThread "C2 CompilerThread0" daemon [_thread_in_native, id=19328, stack(0x000000001d1b0000,0x000000001d2b0000)]
  0x000000001bb2c000 JavaThread "Attach Listener" daemon [_thread_blocked, id=6432, stack(0x000000001d0b0000,0x000000001d1b0000)]
  0x000000001bb2a800 JavaThread "Signal Dispatcher" daemon [_thread_blocked, id=16872, stack(0x000000001cfb0000,0x000000001d0b0000)]
  0x000000001bb09000 JavaThread "Finalizer" daemon [_thread_blocked, id=9316, stack(0x000000001cd80000,0x000000001ce80000)]
  0x00000000024d4000 JavaThread "Reference Handler" daemon [_thread_blocked, id=5388, stack(0x000000001cc80000,0x000000001cd80000)]
  0x00000000023e3800 JavaThread "main" [_thread_blocked, id=13488, stack(0x00000000022e0000,0x00000000023e0000)]

Other Threads:
  0x000000001bae7800 VMThread [stack: 0x000000001cb80000,0x000000001cc80000] [id=22364]
  0x000000001bb7c000 WatcherThread [stack: 0x000000001d9b0000,0x000000001dab0000] [id=18248]

VM state:at safepoint (normal execution)

VM Mutex/Monitor currently owned by a thread:  ([mutex/lock_event])
[0x00000000023e0150] Threads_lock - owner thread: 0x000000001bae7800
[0x00000000023e0cd0] Heap_lock - owner thread: 0x00000000023e3800

Heap:
 PSYoungGen      total 76288K, used 10730K [0x000000076b300000, 0x0000000770800000, 0x00000007c0000000)
  eden space 65536K, 0% used [0x000000076b300000,0x000000076b300000,0x000000076f300000)
  from space 10752K, 99% used [0x000000076fd80000,0x00000007707fa9e0,0x0000000770800000)
  to   space 10752K, 0% used [0x000000076f300000,0x000000076f300000,0x000000076fd80000)
 ParOldGen       total 175104K, used 9095K [0x00000006c1800000, 0x00000006cc300000, 0x000000076b300000)
  object space 175104K, 5% used [0x00000006c1800000,0x00000006c20e1ca8,0x00000006cc300000)
 Metaspace       used 20803K, capacity 21172K, committed 21296K, reserved 1069056K
  class space    used 2445K, capacity 2574K, committed 2608K, reserved 1048576K

Card table byte_map: [0x00000000118a0000,0x00000000120a0000] byte_map_base: 0x000000000e294000

Marking Bits: (ParMarkBitMap*) 0x0000000076d92d00
 Begin Bits: [0x00000000129f0000, 0x0000000016990000)
 End Bits:   [0x0000000016990000, 0x000000001a930000)

Polling page: 0x0000000002280000

CodeCache: size=245760Kb used=4929Kb max_used=4929Kb free=240830Kb
 bounds [0x00000000024e0000, 0x00000000029c0000, 0x00000000114e0000]
 total_blobs=2033 nmethods=1597 adapters=348
 compilation: enabled

Compilation events (10 events):
Event: 1.495 Thread 0x000000001bb32000 1592       3       java.util.Hashtable$Entry::<init> (26 bytes)
Event: 1.495 Thread 0x000000001bb32000 nmethod 1592 0x00000000029b2190 code [0x00000000029b22e0, 0x00000000029b24f0]
Event: 1.495 Thread 0x000000001bb32000 1597       3       java.lang.String::startsWith (72 bytes)
Event: 1.495 Thread 0x000000001bb32000 nmethod 1597 0x00000000029b25d0 code [0x00000000029b2740, 0x00000000029b2a70]
Event: 1.501 Thread 0x000000001bb32000 1598       3       org.jetbrains.kotlin.com.intellij.util.containers.ConcurrentIntObjectHashMap::setTabAt (19 bytes)
Event: 1.501 Thread 0x000000001bb32000 nmethod 1598 0x00000000029b2c50 code [0x00000000029b2da0, 0x00000000029b2f10]
Event: 1.503 Thread 0x000000001bb32000 1599       3       java.util.AbstractList$Itr::<init> (6 bytes)
Event: 1.503 Thread 0x000000001bb32000 nmethod 1599 0x00000000029b2f90 code [0x00000000029b3100, 0x00000000029b3350]
Event: 1.503 Thread 0x000000001bb32000 1600       3       java.util.AbstractList$Itr::<init> (31 bytes)
Event: 1.503 Thread 0x000000001bb32000 nmethod 1600 0x00000000029b3490 code [0x00000000029b3600, 0x00000000029b37f0]

GC Heap History (5 events):
Event: 1.229 GC heap before
{Heap before GC invocations=1 (full 0):
 PSYoungGen      total 76288K, used 65536K [0x000000076b300000, 0x0000000770800000, 0x00000007c0000000)
  eden space 65536K, 100% used [0x000000076b300000,0x000000076f300000,0x000000076f300000)
  from space 10752K, 0% used [0x000000076fd80000,0x000000076fd80000,0x0000000770800000)
  to   space 10752K, 0% used [0x000000076f300000,0x000000076f300000,0x000000076fd80000)
 ParOldGen       total 175104K, used 0K [0x00000006c1800000, 0x00000006cc300000, 0x000000076b300000)
  object space 175104K, 0% used [0x00000006c1800000,0x00000006c1800000,0x00000006cc300000)
 Metaspace       used 16006K, capacity 16280K, committed 16384K, reserved 1062912K
  class space    used 1873K, capacity 1966K, committed 2048K, reserved 1048576K
Event: 1.243 GC heap after
Heap after GC invocations=1 (full 0):
 PSYoungGen      total 76288K, used 10731K [0x000000076b300000, 0x0000000770800000, 0x00000007c0000000)
  eden space 65536K, 0% used [0x000000076b300000,0x000000076b300000,0x000000076f300000)
  from space 10752K, 99% used [0x000000076f300000,0x000000076fd7adf0,0x000000076fd80000)
  to   space 10752K, 0% used [0x000000076fd80000,0x000000076fd80000,0x0000000770800000)
 ParOldGen       total 175104K, used 4593K [0x00000006c1800000, 0x00000006cc300000, 0x000000076b300000)
  object space 175104K, 2% used [0x00000006c1800000,0x00000006c1c7c490,0x00000006cc300000)
 Metaspace       used 16006K, capacity 16280K, committed 16384K, reserved 1062912K
  class space    used 1873K, capacity 1966K, committed 2048K, reserved 1048576K
}
Event: 1.505 GC heap before
{Heap before GC invocations=2 (full 0):
 PSYoungGen      total 76288K, used 33713K [0x000000076b300000, 0x0000000770800000, 0x00000007c0000000)
  eden space 65536K, 35% used [0x000000076b300000,0x000000076c971740,0x000000076f300000)
  from space 10752K, 99% used [0x000000076f300000,0x000000076fd7adf0,0x000000076fd80000)
  to   space 10752K, 0% used [0x000000076fd80000,0x000000076fd80000,0x0000000770800000)
 ParOldGen       total 175104K, used 4593K [0x00000006c1800000, 0x00000006cc300000, 0x000000076b300000)
  object space 175104K, 2% used [0x00000006c1800000,0x00000006c1c7c490,0x00000006cc300000)
 Metaspace       used 20803K, capacity 21172K, committed 21296K, reserved 1069056K
  class space    used 2445K, capacity 2574K, committed 2608K, reserved 1048576K
Event: 1.524 GC heap after
Heap after GC invocations=2 (full 0):
 PSYoungGen      total 76288K, used 10730K [0x000000076b300000, 0x0000000770800000, 0x00000007c0000000)
  eden space 65536K, 0% used [0x000000076b300000,0x000000076b300000,0x000000076f300000)
  from space 10752K, 99% used [0x000000076fd80000,0x00000007707fa9e0,0x0000000770800000)
  to   space 10752K, 0% used [0x000000076f300000,0x000000076f300000,0x000000076fd80000)
 ParOldGen       total 175104K, used 9095K [0x00000006c1800000, 0x00000006cc300000, 0x000000076b300000)
  object space 175104K, 5% used [0x00000006c1800000,0x00000006c20e1ca8,0x00000006cc300000)
 Metaspace       used 20803K, capacity 21172K, committed 21296K, reserved 1069056K
  class space    used 2445K, capacity 2574K, committed 2608K, reserved 1048576K
}
Event: 1.524 GC heap before
{Heap before GC invocations=3 (full 1):
 PSYoungGen      total 76288K, used 10730K [0x000000076b300000, 0x0000000770800000, 0x00000007c0000000)
  eden space 65536K, 0% used [0x000000076b300000,0x000000076b300000,0x000000076f300000)
  from space 10752K, 99% used [0x000000076fd80000,0x00000007707fa9e0,0x0000000770800000)
  to   space 10752K, 0% used [0x000000076f300000,0x000000076f300000,0x000000076fd80000)
 ParOldGen       total 175104K, used 9095K [0x00000006c1800000, 0x00000006cc300000, 0x000000076b300000)
  object space 175104K, 5% used [0x00000006c1800000,0x00000006c20e1ca8,0x00000006cc300000)
 Metaspace       used 20803K, capacity 21172K, committed 21296K, reserved 1069056K
  class space    used 2445K, capacity 2574K, committed 2608K, reserved 1048576K

Deoptimization events (10 events):
Event: 1.317 Thread 0x00000000023e3800 Uncommon trap: reason=class_check action=maybe_recompile pc=0x0000000002891678 method=java.util.Collections$UnmodifiableList.get(I)Ljava/lang/Object; @ 5
Event: 1.317 Thread 0x00000000023e3800 Uncommon trap: reason=class_check action=maybe_recompile pc=0x0000000002891678 method=java.util.Collections$UnmodifiableList.get(I)Ljava/lang/Object; @ 5
Event: 1.317 Thread 0x00000000023e3800 Uncommon trap: reason=class_check action=maybe_recompile pc=0x000000000286bb00 method=java.util.Collections$UnmodifiableCollection.size()I @ 4
Event: 1.317 Thread 0x00000000023e3800 Uncommon trap: reason=class_check action=maybe_recompile pc=0x0000000002891678 method=java.util.Collections$UnmodifiableList.get(I)Ljava/lang/Object; @ 5
Event: 1.318 Thread 0x00000000023e3800 Uncommon trap: reason=class_check action=maybe_recompile pc=0x0000000002891678 method=java.util.Collections$UnmodifiableList.get(I)Ljava/lang/Object; @ 5
Event: 1.330 Thread 0x00000000023e3800 Uncommon trap: reason=unstable_if action=reinterpret pc=0x000000000275f1c0 method=sun.misc.MetaIndex.mayContain(Ljava/lang/String;)Z @ 38
Event: 1.330 Thread 0x00000000023e3800 Uncommon trap: reason=unstable_if action=reinterpret pc=0x0000000002729550 method=sun.misc.MetaIndex.mayContain(Ljava/lang/String;)Z @ 38
Event: 1.368 Thread 0x00000000023e3800 Uncommon trap: reason=unstable_if action=reinterpret pc=0x000000000298989c method=java.util.Arrays.equals([B[B)Z @ 2
Event: 1.387 Thread 0x00000000023e3800 Uncommon trap: reason=class_check action=maybe_recompile pc=0x000000000298202c method=java.util.zip.InflaterInputStream.read([BII)I @ 100
Event: 1.495 Thread 0x00000000023e3800 Uncommon trap: reason=unstable_if action=reinterpret pc=0x000000000266f2b4 method=java.lang.String.startsWith(Ljava/lang/String;I)Z @ 25

Classes redefined (0 events):
No events

Internal exceptions (10 events):
Event: 0.411 Thread 0x00000000023e3800 Exception <a 'java/security/PrivilegedActionException'> (0x000000076c35c4f0) thrown at [C:\re\workspace\8-2-build-windows-amd64-cygwin\jdk8u181\11358\hotspot\src\share\vm\prims\jvm.cpp, line 1435]
Event: 0.411 Thread 0x00000000023e3800 Exception <a 'java/security/PrivilegedActionException'> (0x000000076c35c8e8) thrown at [C:\re\workspace\8-2-build-windows-amd64-cygwin\jdk8u181\11358\hotspot\src\share\vm\prims\jvm.cpp, line 1435]
Event: 0.411 Thread 0x00000000023e3800 Exception <a 'java/security/PrivilegedActionException'> (0x000000076c360db0) thrown at [C:\re\workspace\8-2-build-windows-amd64-cygwin\jdk8u181\11358\hotspot\src\share\vm\prims\jvm.cpp, line 1435]
Event: 0.411 Thread 0x00000000023e3800 Exception <a 'java/security/PrivilegedActionException'> (0x000000076c3611a8) thrown at [C:\re\workspace\8-2-build-windows-amd64-cygwin\jdk8u181\11358\hotspot\src\share\vm\prims\jvm.cpp, line 1435]
Event: 0.649 Thread 0x00000000023e3800 Exception <a 'java/lang/ArrayIndexOutOfBoundsException'> (0x000000076d1162a8) thrown at [C:\re\workspace\8-2-build-windows-amd64-cygwin\jdk8u181\11358\hotspot\src\share\vm\runtime\sharedRuntime.cpp, line 605]
Event: 0.838 Thread 0x00000000023e3800 Exception <a 'java/lang/ArrayIndexOutOfBoundsException'> (0x000000076db028e0) thrown at [C:\re\workspace\8-2-build-windows-amd64-cygwin\jdk8u181\11358\hotspot\src\share\vm\runtime\sharedRuntime.cpp, line 605]
Event: 1.265 Thread 0x00000000023e3800 Exception <a 'java/lang/NoSuchMethodError': java.lang.Object.lambda$comparing$77a9974f$1(Ljava/util/function/Function;Ljava/lang/Object;Ljava/lang/Object;)I> (0x000000076b538970) thrown at [C:\re\workspace\8-2-build-windows-amd64-cygwin\jdk8u181\11358\hot
Event: 1.278 Thread 0x00000000023e3800 Exception <a 'java/lang/NoSuchMethodError': java.lang.Object.lambda$static$0()J> (0x000000076b64e148) thrown at [C:\re\workspace\8-2-build-windows-amd64-cygwin\jdk8u181\11358\hotspot\src\share\vm\interpreter\linkResolver.cpp, line 620]
Event: 1.451 Thread 0x00000000023e3800 Exception <a 'java/lang/NoSuchMethodError': java.lang.Object.lambda$static$0(I)[Lorg/jetbrains/kotlin/com/intellij/openapi/editor/event/DocumentListener;> (0x000000076c5294e0) thrown at [C:\re\workspace\8-2-build-windows-amd64-cygwin\jdk8u181\11358\hotspo
Event: 1.476 Thread 0x00000000023e3800 Exception <a 'java/lang/NoSuchMethodError': java.lang.Object.lambda$static$0(I)[Lorg/jetbrains/kotlin/com/intellij/psi/PsiAnnotation;> (0x000000076c750db8) thrown at [C:\re\workspace\8-2-build-windows-amd64-cygwin\jdk8u181\11358\hotspot\src\share\vm\inter

Events (10 events):
Event: 1.502 loading class org/jetbrains/kotlin/com/intellij/util/containers/ConcurrentWeakKeySoftValueHashMap$HardKey done
Event: 1.503 loading class org/jetbrains/kotlin/com/intellij/psi/controlFlow/ControlFlowFactory
Event: 1.503 loading class org/jetbrains/kotlin/com/intellij/psi/controlFlow/ControlFlowFactory done
Event: 1.503 loading class org/jetbrains/kotlin/cli/jvm/compiler/KotlinCliJavaFileManagerImpl
Event: 1.503 loading class org/jetbrains/kotlin/cli/jvm/compiler/KotlinCliJavaFileManagerImpl done
Event: 1.504 loading class org/jetbrains/kotlin/resolve/jvm/KotlinCliJavaFileManager
Event: 1.504 loading class org/jetbrains/kotlin/resolve/jvm/KotlinCliJavaFileManager done
Event: 1.504 loading class org/jetbrains/kotlin/com/intellij/core/CoreJavaFileManager
Event: 1.504 loading class org/jetbrains/kotlin/com/intellij/core/CoreJavaFileManager done
Event: 1.505 Executing VM operation: CollectForMetadataAllocation


Dynamic libraries:
0x00007ff6730d0000 - 0x00007ff673107000 	C:\Program Files\Java\jdk1.8.0_181\jre\bin\java.exe
0x00007ffeb3d30000 - 0x00007ffeb3f25000 	C:\WINDOWS\SYSTEM32\ntdll.dll
0x00007ffeb2360000 - 0x00007ffeb241d000 	C:\WINDOWS\System32\KERNEL32.DLL
0x00007ffeb16a0000 - 0x00007ffeb1968000 	C:\WINDOWS\System32\KERNELBASE.dll
0x00007ffeb3120000 - 0x00007ffeb31cc000 	C:\WINDOWS\System32\ADVAPI32.dll
0x00007ffeb2a90000 - 0x00007ffeb2b2e000 	C:\WINDOWS\System32\msvcrt.dll
0x00007ffeb3080000 - 0x00007ffeb311b000 	C:\WINDOWS\System32\sechost.dll
0x00007ffeb1e70000 - 0x00007ffeb1f9b000 	C:\WINDOWS\System32\RPCRT4.dll
0x00007ffeb2030000 - 0x00007ffeb21d0000 	C:\WINDOWS\System32\USER32.dll
0x00007ffeb1470000 - 0x00007ffeb1492000 	C:\WINDOWS\System32\win32u.dll
0x00007ffeb3c30000 - 0x00007ffeb3c5a000 	C:\WINDOWS\System32\GDI32.dll
0x00007ffeb1c90000 - 0x00007ffeb1d9b000 	C:\WINDOWS\System32\gdi32full.dll
0x00007ffeb15a0000 - 0x00007ffeb163d000 	C:\WINDOWS\System32\msvcp_win.dll
0x00007ffeb1970000 - 0x00007ffeb1a70000 	C:\WINDOWS\System32\ucrtbase.dll
0x00007ffe9c3d0000 - 0x00007ffe9c66a000 	C:\WINDOWS\WinSxS\amd64_microsoft.windows.common-controls_6595b64144ccf1df_6.0.19041.1052_none_60b8f8fd71f5e8cb\COMCTL32.dll
0x00007ffeb3c60000 - 0x00007ffeb3c90000 	C:\WINDOWS\System32\IMM32.DLL
0x0000000077940000 - 0x0000000077a12000 	C:\Program Files\Java\jdk1.8.0_181\jre\bin\msvcr100.dll
0x0000000076570000 - 0x0000000076e12000 	C:\Program Files\Java\jdk1.8.0_181\jre\bin\server\jvm.dll
0x00007ffeb2000000 - 0x00007ffeb2008000 	C:\WINDOWS\System32\PSAPI.DLL
0x00007ffea64a0000 - 0x00007ffea64aa000 	C:\WINDOWS\SYSTEM32\VERSION.dll
0x00007ffea2e10000 - 0x00007ffea2e37000 	C:\WINDOWS\SYSTEM32\WINMM.dll
0x00007ffe8d660000 - 0x00007ffe8d669000 	C:\WINDOWS\SYSTEM32\WSOCK32.dll
0x00007ffeb22f0000 - 0x00007ffeb235b000 	C:\WINDOWS\System32\WS2_32.dll
0x0000000050000000 - 0x000000005000f000 	C:\Program Files\Java\jdk1.8.0_181\jre\bin\verify.dll
0x0000000077910000 - 0x0000000077939000 	C:\Program Files\Java\jdk1.8.0_181\jre\bin\java.dll
0x00000000778f0000 - 0x0000000077906000 	C:\Program Files\Java\jdk1.8.0_181\jre\bin\zip.dll
0x00007ffeb32e0000 - 0x00007ffeb3a1f000 	C:\WINDOWS\System32\SHELL32.dll
0x00007ffeaf550000 - 0x00007ffeafce0000 	C:\WINDOWS\SYSTEM32\windows.storage.dll
0x00007ffeb2420000 - 0x00007ffeb2775000 	C:\WINDOWS\System32\combase.dll
0x00007ffeb0e10000 - 0x00007ffeb0e3c000 	C:\WINDOWS\SYSTEM32\Wldp.dll
0x00007ffeb29e0000 - 0x00007ffeb2a8e000 	C:\WINDOWS\System32\SHCORE.dll
0x00007ffeb3c90000 - 0x00007ffeb3ce5000 	C:\WINDOWS\System32\shlwapi.dll
0x00007ffeb13b0000 - 0x00007ffeb13cf000 	C:\WINDOWS\SYSTEM32\profapi.dll
0x00000000778d0000 - 0x00000000778ea000 	C:\Program Files\Java\jdk1.8.0_181\jre\bin\net.dll
0x00007ffeb0b80000 - 0x00007ffeb0bea000 	C:\WINDOWS\system32\mswsock.dll
0x00000000778b0000 - 0x00000000778c1000 	C:\Program Files\Java\jdk1.8.0_181\jre\bin\nio.dll

VM Arguments:
java_command: org.jetbrains.kotlin.cli.jvm.K2JVMCompiler @C:\Users\HP\Documents\4YDAYS\app\node_modules\expo-error-recovery\android\build\20210616_5672914549463079814.compiler.options
java_class_path (initial): C:\Users\HP\.gradle\caches\modules-2\files-2.1\org.jetbrains.kotlin\kotlin-compiler-embeddable\1.4.21\87db94500aaf883536ae8c8efdee76bdc839d582\kotlin-compiler-embeddable-1.4.21.jar;C:\Users\HP\.gradle\caches\modules-2\files-2.1\org.jetbrains.kotlin\kotlin-reflect\1.4.21\748f681f4e3edbe9285ff46710c79049c70f4dfa\kotlin-reflect-1.4.21.jar;C:\Users\HP\.gradle\caches\modules-2\files-2.1\org.jetbrains.kotlin\kotlin-stdlib\1.4.21\4a668382d7c38688d3490afde93b6a113ed46698\kotlin-stdlib-1.4.21.jar;C:\Users\HP\.gradle\caches\modules-2\files-2.1\org.jetbrains.kotlin\kotlin-script-runtime\1.4.21\1247decba314790165b4fe94d09c45b09db6b07f\kotlin-script-runtime-1.4.21.jar;C:\Users\HP\.gradle\caches\modules-2\files-2.1\org.jetbrains.kotlin\kotlin-daemon-embeddable\1.4.21\bc95bcebdc871d45d9852b0c01abe9bec373bb52\kotlin-daemon-embeddable-1.4.21.jar;C:\Users\HP\.gradle\caches\modules-2\files-2.1\org.jetbrains.intellij.deps\trove4j\1.0.20181211\216c2e14b070f334479d800987affe4054cd563f\trove4j-1.0.20181211.jar;C:\Users\HP\.gradle\caches\modules-2\files-2.1\org.jetbrains.kotlin\kotlin-stdlib-common\1.4.21\7f48a062aa4b53215998780f7c245a4276828e1d\kotlin-stdlib-common-1.4.21.jar;C:\Users\HP\.gradle\caches\modules-2\files-2.1\org.jetbrains\annotations\13.0\919f0dfe192fb4e063e7dacadee7f8bb9a2672a9\annotations-13.0.jar;C:\Program Files\Java\jdk1.8.0_181\lib\tools.jar
Launcher Type: SUN_STANDARD

Environment Variables:
JAVA_HOME=C:\Program Files\Java\jdk1.8.0_181\
CLASSPATH=C:\Users\HP\Documents\4YDAYS\app\android\\gradle\wrapper\gradle-wrapper.jar
USERNAME=Mêriéèm
OS=Windows_NT
PROCESSOR_IDENTIFIER=Intel64 Family 6 Model 142 Stepping 9, GenuineIntel



---------------  S Y S T E M  ---------------

OS: Windows 10.0 , 64 bit Build 19041 (10.0.19041.1023)

CPU:total 4 (initial active 4) (2 cores per cpu, 2 threads per core) family 6 model 142 stepping 9, cmov, cx8, fxsr, mmx, sse, sse2, sse3, ssse3, sse4.1, sse4.2, popcnt, avx, avx2, aes, clmul, erms, 3dnowpref, lzcnt, ht, tsc, tscinvbit, bmi1, bmi2, adx

Memory: 4k page, physical 16671948k(2558620k free), swap 17720524k(5148k free)

vm_info: Java HotSpot(TM) 64-Bit Server VM (25.181-b13) for windows-amd64 JRE (1.8.0_181-b13), built on Jul  7 2018 04:01:33 by "java_re" with MS VC++ 10.0 (VS2010)

time: Wed Jun 16 11:44:45 2021
elapsed time: 1 seconds (0d 0h 0m 1s)

