#
# There is insufficient memory for the Java Runtime Environment to continue.
# Native memory allocation (malloc) failed to allocate 580096 bytes for Chunk::new
# Possible reasons:
#   The system is out of physical RAM or swap space
#   In 32 bit mode, the process size limit was hit
# Possible solutions:
#   Reduce memory load on the system
#   Increase physical memory or swap space
#   Check if swap backing store is full
#   Use 64 bit Java on a 64 bit OS
#   Decrease Java heap size (-Xmx/-Xms)
#   Decrease number of Java threads
#   Decrease Java thread stack sizes (-Xss)
#   Set larger code cache with -XX:ReservedCodeCacheSize=
# This output file may be truncated or incomplete.
#
#  Out of Memory Error (allocation.cpp:390), pid=20528, tid=0x0000000000002920
#
# JRE version: Java(TM) SE Runtime Environment (8.0_181-b13) (build 1.8.0_181-b13)
# Java VM: Java HotSpot(TM) 64-Bit Server VM (25.181-b13 mixed mode windows-amd64 compressed oops)
# Failed to write core dump. Minidumps are not enabled by default on client versions of Windows
#

---------------  T H R E A D  ---------------

Current thread (0x00000000176a3800):  JavaThread "C2 CompilerThread0" daemon [_thread_in_native, id=10528, stack(0x0000000018d30000,0x0000000018e30000)]

Stack: [0x0000000018d30000,0x0000000018e30000]
[error occurred during error reporting (printing stack bounds), id 0xc0000005]

Native frames: (J=compiled Java code, j=interpreted, Vv=VM code, C=native code)


Current CompileTask:
C2:  83345 14159       4       org.gradle.internal.snapshot.DirectorySnapshot$$Lambda$781/1177843329::accept (20 bytes)


---------------  P R O C E S S  ---------------

Java Threads: ( => current thread )
  0x000000001d821800 JavaThread "Exec process Thread 3" [_thread_blocked, id=8520, stack(0x000000002d3f0000,0x000000002d4f0000)]
  0x000000001d819800 JavaThread "Exec process Thread 2" [_thread_blocked, id=3224, stack(0x000000002d2f0000,0x000000002d3f0000)]
  0x000000001d818000 JavaThread "Exec process" [_thread_blocked, id=21524, stack(0x000000002d1f0000,0x000000002d2f0000)]
  0x000000001d819000 JavaThread "Cache worker for execution history cache (C:\Users\HP\Documents\4YDAYS\app\android\.gradle\6.8\executionHistory)" [_thread_blocked, id=16304, stack(0x000000002ca30000,0x000000002cb30000)]
  0x000000001d81b000 JavaThread "Execution worker for ':' Thread 3" [_thread_blocked, id=22048, stack(0x00000000298b0000,0x00000000299b0000)]
  0x00000000192b3000 JavaThread "Execution worker for ':' Thread 2" [_thread_blocked, id=5188, stack(0x0000000002780000,0x0000000002880000)]
  0x000000001d250800 JavaThread "Execution worker for ':'" [_thread_blocked, id=7192, stack(0x0000000000c50000,0x0000000000d50000)]
  0x000000001d24f800 JavaThread "Memory manager" [_thread_blocked, id=17684, stack(0x0000000028fb0000,0x00000000290b0000)]
  0x000000001d24c800 JavaThread "pool-1-thread-1" [_thread_blocked, id=8784, stack(0x0000000028ab0000,0x0000000028bb0000)]
  0x000000001d24c000 JavaThread "jar transforms Thread 92" [_thread_blocked, id=13328, stack(0x00000000287b0000,0x00000000288b0000)]
  0x000000001d24b000 JavaThread "jar transforms Thread 91" [_thread_blocked, id=19816, stack(0x00000000286b0000,0x00000000287b0000)]
  0x000000001d243800 JavaThread "jar transforms Thread 90" [_thread_blocked, id=11988, stack(0x00000000285b0000,0x00000000286b0000)]
  0x000000001d24a800 JavaThread "jar transforms Thread 89" [_thread_blocked, id=21776, stack(0x00000000284b0000,0x00000000285b0000)]
  0x000000001d249800 JavaThread "jar transforms Thread 88" [_thread_blocked, id=21088, stack(0x00000000283b0000,0x00000000284b0000)]
  0x000000001d242000 JavaThread "jar transforms Thread 87" [_thread_blocked, id=18164, stack(0x00000000282b0000,0x00000000283b0000)]
  0x000000001d244800 JavaThread "jar transforms Thread 86" [_thread_blocked, id=11772, stack(0x00000000281b0000,0x00000000282b0000)]
  0x000000001d248000 JavaThread "jar transforms Thread 85" [_thread_blocked, id=7044, stack(0x00000000280b0000,0x00000000281b0000)]
  0x000000001d245000 JavaThread "jar transforms Thread 84" [_thread_blocked, id=22492, stack(0x0000000027fb0000,0x00000000280b0000)]
  0x000000001d247800 JavaThread "jar transforms Thread 83" [_thread_blocked, id=20704, stack(0x0000000027eb0000,0x0000000027fb0000)]
  0x000000001d249000 JavaThread "jar transforms Thread 82" [_thread_blocked, id=22304, stack(0x0000000027db0000,0x0000000027eb0000)]
  0x000000001d246000 JavaThread "jar transforms Thread 81" [_thread_blocked, id=19356, stack(0x0000000027cb0000,0x0000000027db0000)]
  0x000000001d241800 JavaThread "jar transforms Thread 80" [_thread_blocked, id=19364, stack(0x0000000027bb0000,0x0000000027cb0000)]
  0x000000001d243000 JavaThread "jar transforms Thread 79" [_thread_blocked, id=13260, stack(0x0000000027ab0000,0x0000000027bb0000)]
  0x000000001d246800 JavaThread "jar transforms Thread 78" [_thread_blocked, id=17472, stack(0x00000000279b0000,0x0000000027ab0000)]
  0x000000001d3ac000 JavaThread "jar transforms Thread 77" [_thread_blocked, id=16572, stack(0x00000000278b0000,0x00000000279b0000)]
  0x000000001d3a9000 JavaThread "jar transforms Thread 76" [_thread_blocked, id=8120, stack(0x00000000277b0000,0x00000000278b0000)]
  0x000000001d3ab800 JavaThread "jar transforms Thread 75" [_thread_blocked, id=20260, stack(0x00000000276b0000,0x00000000277b0000)]
  0x000000001d3aa000 JavaThread "jar transforms Thread 74" [_thread_blocked, id=10400, stack(0x00000000275b0000,0x00000000276b0000)]
  0x000000001d3a8800 JavaThread "jar transforms Thread 73" [_thread_blocked, id=2184, stack(0x00000000274b0000,0x00000000275b0000)]
  0x000000001d3a7800 JavaThread "jar transforms Thread 72" [_thread_blocked, id=428, stack(0x00000000273b0000,0x00000000274b0000)]
  0x000000001d3aa800 JavaThread "jar transforms Thread 71" [_thread_blocked, id=20408, stack(0x00000000272b0000,0x00000000273b0000)]
  0x000000001d3a0000 JavaThread "jar transforms Thread 70" [_thread_blocked, id=19176, stack(0x00000000271b0000,0x00000000272b0000)]
  0x000000001d3a7000 JavaThread "jar transforms Thread 69" [_thread_blocked, id=21644, stack(0x00000000270b0000,0x00000000271b0000)]
  0x000000001d39f800 JavaThread "jar transforms Thread 68" [_thread_blocked, id=17484, stack(0x0000000026fb0000,0x00000000270b0000)]
  0x000000001d3a6000 JavaThread "jar transforms Thread 67" [_thread_blocked, id=21424, stack(0x0000000026db0000,0x0000000026eb0000)]
  0x000000001d3a5800 JavaThread "jar transforms Thread 66" [_thread_blocked, id=2864, stack(0x0000000026cb0000,0x0000000026db0000)]
  0x000000001d39e000 JavaThread "jar transforms Thread 65" [_thread_blocked, id=372, stack(0x0000000026bb0000,0x0000000026cb0000)]
  0x000000001d3a4000 JavaThread "jar transforms Thread 64" [_thread_blocked, id=8080, stack(0x0000000026ab0000,0x0000000026bb0000)]
  0x000000001d39e800 JavaThread "jar transforms Thread 63" [_thread_blocked, id=5456, stack(0x00000000269b0000,0x0000000026ab0000)]
  0x000000001d3a1000 JavaThread "jar transforms Thread 62" [_thread_blocked, id=7508, stack(0x00000000268b0000,0x00000000269b0000)]
  0x000000001d3a2800 JavaThread "jar transforms Thread 61" [_thread_blocked, id=20088, stack(0x00000000267b0000,0x00000000268b0000)]
  0x000000001d3a4800 JavaThread "jar transforms Thread 60" [_thread_blocked, id=22524, stack(0x00000000266b0000,0x00000000267b0000)]
  0x000000001d39d000 JavaThread "jar transforms Thread 59" [_thread_blocked, id=7868, stack(0x00000000265b0000,0x00000000266b0000)]
  0x000000001d3a1800 JavaThread "jar transforms Thread 58" [_thread_blocked, id=340, stack(0x00000000264b0000,0x00000000265b0000)]
  0x000000001d3a3000 JavaThread "jar transforms Thread 57" [_thread_blocked, id=10724, stack(0x00000000263b0000,0x00000000264b0000)]
  0x0000000019f73000 JavaThread "jar transforms Thread 56" [_thread_blocked, id=20172, stack(0x00000000262b0000,0x00000000263b0000)]
  0x0000000019f72000 JavaThread "jar transforms Thread 55" [_thread_blocked, id=17828, stack(0x00000000261b0000,0x00000000262b0000)]
  0x0000000019f70000 JavaThread "jar transforms Thread 54" [_thread_blocked, id=20164, stack(0x00000000260b0000,0x00000000261b0000)]
  0x0000000019f71800 JavaThread "jar transforms Thread 53" [_thread_blocked, id=5000, stack(0x0000000025fb0000,0x00000000260b0000)]
  0x0000000019f76000 JavaThread "jar transforms Thread 52" [_thread_blocked, id=7708, stack(0x0000000025eb0000,0x0000000025fb0000)]
  0x0000000019f74800 JavaThread "jar transforms Thread 51" [_thread_blocked, id=21364, stack(0x0000000025db0000,0x0000000025eb0000)]
  0x0000000019f73800 JavaThread "jar transforms Thread 50" [_thread_blocked, id=2740, stack(0x0000000025cb0000,0x0000000025db0000)]
  0x0000000019f6f000 JavaThread "jar transforms Thread 49" [_thread_blocked, id=22320, stack(0x0000000025bb0000,0x0000000025cb0000)]
  0x0000000019f75000 JavaThread "jar transforms Thread 48" [_thread_blocked, id=15352, stack(0x0000000025ab0000,0x0000000025bb0000)]
  0x0000000019f6e800 JavaThread "jar transforms Thread 47" [_thread_blocked, id=13552, stack(0x00000000259b0000,0x0000000025ab0000)]
  0x0000000019f70800 JavaThread "jar transforms Thread 46" [_thread_blocked, id=16156, stack(0x00000000258b0000,0x00000000259b0000)]
  0x0000000019f67000 JavaThread "jar transforms Thread 45" [_thread_blocked, id=22064, stack(0x00000000257b0000,0x00000000258b0000)]
  0x0000000019f6d000 JavaThread "jar transforms Thread 44" [_thread_blocked, id=20728, stack(0x00000000256b0000,0x00000000257b0000)]
  0x0000000019f6d800 JavaThread "jar transforms Thread 43" [_thread_blocked, id=20496, stack(0x00000000255b0000,0x00000000256b0000)]
  0x0000000019f6a000 JavaThread "jar transforms Thread 42" [_thread_blocked, id=21548, stack(0x00000000254b0000,0x00000000255b0000)]
  0x0000000019f69000 JavaThread "jar transforms Thread 41" [_thread_blocked, id=11072, stack(0x00000000253b0000,0x00000000254b0000)]
  0x0000000019f6b800 JavaThread "jar transforms Thread 40" [_thread_blocked, id=19768, stack(0x00000000252b0000,0x00000000253b0000)]
  0x0000000019f68800 JavaThread "jar transforms Thread 39" [_thread_blocked, id=10176, stack(0x00000000251b0000,0x00000000252b0000)]
  0x0000000019f67800 JavaThread "jar transforms Thread 38" [_thread_blocked, id=20376, stack(0x00000000250b0000,0x00000000251b0000)]
  0x0000000019f6a800 JavaThread "jar transforms Thread 37" [_thread_blocked, id=1428, stack(0x0000000024fb0000,0x00000000250b0000)]
  0x0000000019f6c000 JavaThread "jar transforms Thread 36" [_thread_blocked, id=20360, stack(0x0000000024eb0000,0x0000000024fb0000)]
  0x000000001d25f800 JavaThread "jar transforms Thread 35" [_thread_blocked, id=11488, stack(0x0000000024db0000,0x0000000024eb0000)]
  0x000000001d260800 JavaThread "jar transforms Thread 34" [_thread_blocked, id=17656, stack(0x0000000024cb0000,0x0000000024db0000)]
  0x000000001d25f000 JavaThread "jar transforms Thread 33" [_thread_blocked, id=22352, stack(0x0000000024bb0000,0x0000000024cb0000)]
  0x000000001d25c800 JavaThread "jar transforms Thread 32" [_thread_blocked, id=8204, stack(0x0000000024ab0000,0x0000000024bb0000)]
  0x000000001d25b000 JavaThread "jar transforms Thread 31" [_thread_blocked, id=8976, stack(0x00000000249b0000,0x0000000024ab0000)]
  0x000000001d25c000 JavaThread "jar transforms Thread 30" [_thread_blocked, id=14028, stack(0x00000000248b0000,0x00000000249b0000)]
  0x000000001d25d800 JavaThread "jar transforms Thread 29" [_thread_blocked, id=21780, stack(0x00000000247b0000,0x00000000248b0000)]
  0x000000001d25e000 JavaThread "jar transforms Thread 28" [_thread_blocked, id=2372, stack(0x00000000246b0000,0x00000000247b0000)]
  0x000000001d253800 JavaThread "jar transforms Thread 27" [_thread_blocked, id=19912, stack(0x00000000245b0000,0x00000000246b0000)]
  0x000000001d25a800 JavaThread "jar transforms Thread 26" [_thread_blocked, id=5768, stack(0x00000000244b0000,0x00000000245b0000)]
  0x000000001d253000 JavaThread "jar transforms Thread 25" [_thread_blocked, id=22040, stack(0x00000000243b0000,0x00000000244b0000)]
  0x000000001d259800 JavaThread "jar transforms Thread 24" [_thread_blocked, id=19224, stack(0x00000000242b0000,0x00000000243b0000)]
  0x000000001d252000 JavaThread "jar transforms Thread 23" [_thread_blocked, id=16840, stack(0x00000000241b0000,0x00000000242b0000)]
  0x000000001d259000 JavaThread "jar transforms Thread 22" [_thread_blocked, id=4568, stack(0x00000000240b0000,0x00000000241b0000)]
  0x000000001d254800 JavaThread "jar transforms Thread 21" [_thread_blocked, id=12328, stack(0x0000000023fb0000,0x00000000240b0000)]
  0x000000001d251800 JavaThread "jar transforms Thread 20" [_thread_blocked, id=1640, stack(0x0000000023eb0000,0x0000000023fb0000)]
  0x000000001d258000 JavaThread "jar transforms Thread 19" [_thread_blocked, id=7620, stack(0x0000000023db0000,0x0000000023eb0000)]
  0x000000001d255000 JavaThread "jar transforms Thread 18" [_thread_blocked, id=11008, stack(0x0000000023cb0000,0x0000000023db0000)]
  0x000000001d257800 JavaThread "jar transforms Thread 17" [_thread_blocked, id=20968, stack(0x0000000023bb0000,0x0000000023cb0000)]
  0x000000001d256000 JavaThread "jar transforms Thread 16" [_thread_blocked, id=10956, stack(0x0000000023ab0000,0x0000000023bb0000)]
  0x000000001d256800 JavaThread "jar transforms Thread 15" [_thread_blocked, id=3084, stack(0x00000000239b0000,0x0000000023ab0000)]
  0x00000000192bd000 JavaThread "jar transforms Thread 14" [_thread_blocked, id=1252, stack(0x00000000238b0000,0x00000000239b0000)]
  0x00000000192bc000 JavaThread "jar transforms Thread 13" [_thread_blocked, id=21540, stack(0x00000000237b0000,0x00000000238b0000)]
  0x00000000192ba800 JavaThread "jar transforms Thread 12" [_thread_blocked, id=7444, stack(0x00000000236b0000,0x00000000237b0000)]
  0x00000000192ba000 JavaThread "jar transforms Thread 11" [_thread_blocked, id=20628, stack(0x00000000235b0000,0x00000000236b0000)]
  0x00000000192b8800 JavaThread "jar transforms Thread 10" [_thread_blocked, id=1876, stack(0x00000000234b0000,0x00000000235b0000)]
  0x00000000192b7800 JavaThread "jar transforms Thread 9" [_thread_blocked, id=17172, stack(0x00000000233b0000,0x00000000234b0000)]
  0x00000000192b9000 JavaThread "jar transforms Thread 8" [_thread_blocked, id=17220, stack(0x00000000232b0000,0x00000000233b0000)]
  0x00000000192bb800 JavaThread "jar transforms Thread 7" [_thread_blocked, id=17784, stack(0x00000000231b0000,0x00000000232b0000)]
  0x00000000192b0000 JavaThread "jar transforms Thread 6" [_thread_blocked, id=2560, stack(0x00000000230b0000,0x00000000231b0000)]
  0x00000000192b7000 JavaThread "jar transforms Thread 5" [_thread_blocked, id=20988, stack(0x0000000022fb0000,0x00000000230b0000)]
  0x00000000192af800 JavaThread "jar transforms Thread 4" [_thread_blocked, id=13060, stack(0x0000000022eb0000,0x0000000022fb0000)]
  0x00000000192b6000 JavaThread "jar transforms Thread 3" [_thread_blocked, id=3176, stack(0x0000000022db0000,0x0000000022eb0000)]
  0x00000000192b5800 JavaThread "jar transforms Thread 2" [_thread_blocked, id=16248, stack(0x0000000022cb0000,0x0000000022db0000)]
  0x00000000192ae800 JavaThread "Build operations Thread 4" [_thread_blocked, id=16964, stack(0x0000000022bb0000,0x0000000022cb0000)]
  0x00000000192ae000 JavaThread "Build operations Thread 3" [_thread_blocked, id=6752, stack(0x0000000022ab0000,0x0000000022bb0000)]
  0x00000000192b4800 JavaThread "Build operations Thread 2" [_thread_blocked, id=3720, stack(0x00000000229b0000,0x0000000022ab0000)]
  0x00000000192b1800 JavaThread "Build operations" [_thread_blocked, id=22120, stack(0x0000000022640000,0x0000000022740000)]
  0x00000000192b4000 JavaThread "Cache worker for Build Output Cleanup Cache (C:\Users\HP\Documents\4YDAYS\app\android\.gradle\buildOutputCleanup)" [_thread_blocked, id=13216, stack(0x0000000000d50000,0x0000000000e50000)]
  0x00000000192b1000 JavaThread "Cache worker for file content cache (C:\Users\HP\.gradle\caches\6.8\fileContent)" [_thread_blocked, id=20436, stack(0x0000000021b40000,0x0000000021c40000)]
  0x000000001a27f800 JavaThread "jar transforms" [_thread_blocked, id=15080, stack(0x0000000021a40000,0x0000000021b40000)]
  0x000000001a27d000 JavaThread "Cache worker for execution history cache (C:\Users\HP\.gradle\caches\6.8\executionHistory)" [_thread_blocked, id=18428, stack(0x0000000021280000,0x0000000021380000)]
  0x000000001a27c800 JavaThread "Cache worker for cache directory md-rule (C:\Users\HP\.gradle\caches\6.8\md-rule)" [_thread_blocked, id=15328, stack(0x0000000021180000,0x0000000021280000)]
  0x000000001a27b800 JavaThread "Cache worker for cache directory md-supplier (C:\Users\HP\.gradle\caches\6.8\md-supplier)" [_thread_blocked, id=2316, stack(0x000000001fe20000,0x000000001ff20000)]
  0x000000001a27b000 JavaThread "Cache worker for checksums cache (C:\Users\HP\Documents\4YDAYS\app\android\.gradle\checksums)" [_thread_blocked, id=20448, stack(0x000000001fd20000,0x000000001fe20000)]
  0x000000001a27e800 JavaThread "Cache worker for file hash cache (C:\Users\HP\Documents\4YDAYS\app\android\.gradle\6.8\fileHashes)" [_thread_blocked, id=11464, stack(0x000000001fc20000,0x000000001fd20000)]
  0x000000001a27a000 JavaThread "Cache worker for journal cache (C:\Users\HP\.gradle\caches\journal-1)" [_thread_blocked, id=13020, stack(0x000000001e750000,0x000000001e850000)]
  0x000000001a280000 JavaThread "File lock request listener" [_thread_in_native, id=20524, stack(0x000000001c6b0000,0x000000001c7b0000)]
  0x000000001a279800 JavaThread "Cache worker for file hash cache (C:\Users\HP\.gradle\caches\6.8\fileHashes)" [_thread_blocked, id=6236, stack(0x000000001c4b0000,0x000000001c5b0000)]
  0x0000000019eb5800 JavaThread "Daemon client event forwarder" [_thread_blocked, id=7852, stack(0x000000001c1b0000,0x000000001c2b0000)]
  0x0000000019eb3000 JavaThread "Stdin handler" [_thread_blocked, id=18872, stack(0x000000001c0b0000,0x000000001c1b0000)]
  0x0000000019325000 JavaThread "Asynchronous log dispatcher for DefaultDaemonConnection: socket connection from /127.0.0.1:58797 to /127.0.0.1:58798" [_thread_blocked, id=18144, stack(0x000000001bfb0000,0x000000001c0b0000)]
  0x000000001931d800 JavaThread "Daemon worker" [_thread_in_native, id=13560, stack(0x000000001beb0000,0x000000001bfb0000)]
  0x0000000019373800 JavaThread "Cancel handler" [_thread_blocked, id=15504, stack(0x000000001bdb0000,0x000000001beb0000)]
  0x0000000019373000 JavaThread "Handler for socket connection from /127.0.0.1:58797 to /127.0.0.1:58798" [_thread_in_native, id=20300, stack(0x000000001bcb0000,0x000000001bdb0000)]
  0x0000000019370800 JavaThread "Daemon" [_thread_blocked, id=21368, stack(0x000000001bbb0000,0x000000001bcb0000)]
  0x0000000019ee6000 JavaThread "Daemon periodic checks" [_thread_blocked, id=21656, stack(0x000000001b8b0000,0x000000001b9b0000)]
  0x0000000019ee5000 JavaThread "Incoming local TCP Connector on port 58797" [_thread_in_native, id=17664, stack(0x000000001b640000,0x000000001b740000)]
  0x000000001acec800 JavaThread "Daemon health stats" [_thread_blocked, id=12160, stack(0x000000001b000000,0x000000001b100000)]
  0x00000000176fe000 JavaThread "Service Thread" daemon [_thread_blocked, id=19872, stack(0x0000000019430000,0x0000000019530000)]
  0x00000000176b2800 JavaThread "C1 CompilerThread2" daemon [_thread_blocked, id=18972, stack(0x0000000018f30000,0x0000000019030000)]
  0x00000000176a7800 JavaThread "C2 CompilerThread1" daemon [_thread_in_native, id=17760, stack(0x0000000018e30000,0x0000000018f30000)]
=>0x00000000176a3800 JavaThread "C2 CompilerThread0" daemon [_thread_in_native, id=10528, stack(0x0000000018d30000,0x0000000018e30000)]
  0x00000000176a1000 JavaThread "Attach Listener" daemon [_thread_blocked, id=13244, stack(0x0000000018c30000,0x0000000018d30000)]
  0x0000000002a79000 JavaThread "Signal Dispatcher" daemon [_thread_blocked, id=15344, stack(0x0000000018b30000,0x0000000018c30000)]
  0x0000000017690000 JavaThread "Finalizer" daemon [_thread_blocked, id=14732, stack(0x0000000018900000,0x0000000018a00000)]
  0x0000000002a72000 JavaThread "Reference Handler" daemon [_thread_blocked, id=13068, stack(0x0000000018800000,0x0000000018900000)]
  0x0000000002983800 JavaThread "main" [_thread_blocked, id=21588, stack(0x0000000002880000,0x0000000002980000)]

Other Threads:
  0x0000000017668000 VMThread [stack: 0x0000000018700000,0x0000000018800000] [id=1620]
  0x00000000176fe800 WatcherThread [stack: 0x0000000019530000,0x0000000019630000] [id=19620]

VM state:not at safepoint (normal execution)

VM Mutex/Monitor currently owned by a thread: None

Heap:
 PSYoungGen      total 420864K, used 232687K [0x00000000d5580000, 0x00000000f3080000, 0x0000000100000000)
  eden space 385024K, 51% used [0x00000000d5580000,0x00000000e15c0db0,0x00000000ecd80000)
  from space 35840K, 99% used [0x00000000f0d80000,0x00000000f307b0a8,0x00000000f3080000)
  to   space 41984K, 0% used [0x00000000ede80000,0x00000000ede80000,0x00000000f0780000)
 ParOldGen       total 245760K, used 159119K [0x0000000080000000, 0x000000008f000000, 0x00000000d5580000)
  object space 245760K, 64% used [0x0000000080000000,0x0000000089b63d40,0x000000008f000000)
 Metaspace       used 80572K, capacity 88686K, committed 89000K, reserved 1124352K
  class space    used 11325K, capacity 13366K, committed 13480K, reserved 1048576K

Card table byte_map: [0x0000000011e40000,0x0000000012250000] byte_map_base: 0x0000000011a40000

Marking Bits: (ParMarkBitMap*) 0x0000000076d92d00
 Begin Bits: [0x0000000012900000, 0x0000000014900000)
 End Bits:   [0x0000000014900000, 0x0000000016900000)

Polling page: 0x0000000002600000

CodeCache: size=245760Kb used=38528Kb max_used=38531Kb free=207231Kb
 bounds [0x0000000002a80000, 0x0000000005060000, 0x0000000011a80000]
 total_blobs=12809 nmethods=11994 adapters=726
 compilation: enabled

Compilation events (10 events):
Event: 83.306 Thread 0x00000000176b2800 14176   !   3       org.gradle.execution.plan.DefaultExecutionPlan::finishedExecuting (118 bytes)
Event: 83.309 Thread 0x00000000176b2800 nmethod 14176 0x00000000050491d0 code [0x0000000005049660, 0x000000000504c218]
Event: 83.309 Thread 0x00000000176b2800 14177       3       org.gradle.execution.plan.DefaultExecutionPlan::enforceFinalizers (51 bytes)
Event: 83.311 Thread 0x00000000176b2800 nmethod 14177 0x000000000504dfd0 code [0x000000000504e1c0, 0x000000000504eaa8]
Event: 83.311 Thread 0x00000000176b2800 14178       3       org.gradle.execution.plan.DefaultExecutionPlan$$Lambda$692/1660892795::get$Lambda (9 bytes)
Event: 83.311 Thread 0x00000000176b2800 nmethod 14178 0x000000000504ed10 code [0x000000000504ee80, 0x000000000504f0d0]
Event: 83.318 Thread 0x00000000176b2800 14179       3       java.lang.Class::searchMethods (90 bytes)
Event: 83.320 Thread 0x00000000176b2800 nmethod 14179 0x000000000504f1d0 code [0x000000000504f420, 0x0000000005050378]
Event: 83.341 Thread 0x00000000176b2800 14180       3       com.sun.org.apache.xerces.internal.impl.XMLDocumentFragmentScannerImpl$ElementStack2::<init> (59 bytes)
Event: 83.342 Thread 0x00000000176b2800 nmethod 14180 0x0000000005050a50 code [0x0000000005050be0, 0x00000000050511b0]

GC Heap History (10 events):
Event: 56.415 GC heap before
{Heap before GC invocations=15 (full 2):
 PSYoungGen      total 309760K, used 200352K [0x00000000d5580000, 0x00000000ea300000, 0x0000000100000000)
  eden space 288256K, 62% used [0x00000000d5580000,0x00000000e06712e0,0x00000000e6f00000)
  from space 21504K, 89% used [0x00000000e8e00000,0x00000000ea0b7050,0x00000000ea300000)
  to   space 26624K, 0% used [0x00000000e6f00000,0x00000000e6f00000,0x00000000e8900000)
 ParOldGen       total 148992K, used 48477K [0x0000000080000000, 0x0000000089180000, 0x00000000d5580000)
  object space 148992K, 32% used [0x0000000080000000,0x0000000082f57648,0x0000000089180000)
 Metaspace       used 55988K, capacity 59122K, committed 59160K, reserved 1099776K
  class space    used 7626K, capacity 8352K, committed 8360K, reserved 1048576K
Event: 56.628 GC heap after
Heap after GC invocations=15 (full 2):
 PSYoungGen      total 314880K, used 26604K [0x00000000d5580000, 0x00000000f3200000, 0x0000000100000000)
  eden space 288256K, 0% used [0x00000000d5580000,0x00000000d5580000,0x00000000e6f00000)
  from space 26624K, 99% used [0x00000000e6f00000,0x00000000e88fb220,0x00000000e8900000)
  to   space 37376K, 0% used [0x00000000f0d80000,0x00000000f0d80000,0x00000000f3200000)
 ParOldGen       total 148992K, used 67474K [0x0000000080000000, 0x0000000089180000, 0x00000000d5580000)
  object space 148992K, 45% used [0x0000000080000000,0x00000000841e4b78,0x0000000089180000)
 Metaspace       used 55988K, capacity 59122K, committed 59160K, reserved 1099776K
  class space    used 7626K, capacity 8352K, committed 8360K, reserved 1048576K
}
Event: 56.628 GC heap before
{Heap before GC invocations=16 (full 3):
 PSYoungGen      total 314880K, used 26604K [0x00000000d5580000, 0x00000000f3200000, 0x0000000100000000)
  eden space 288256K, 0% used [0x00000000d5580000,0x00000000d5580000,0x00000000e6f00000)
  from space 26624K, 99% used [0x00000000e6f00000,0x00000000e88fb220,0x00000000e8900000)
  to   space 37376K, 0% used [0x00000000f0d80000,0x00000000f0d80000,0x00000000f3200000)
 ParOldGen       total 148992K, used 67474K [0x0000000080000000, 0x0000000089180000, 0x00000000d5580000)
  object space 148992K, 45% used [0x0000000080000000,0x00000000841e4b78,0x0000000089180000)
 Metaspace       used 55988K, capacity 59122K, committed 59160K, reserved 1099776K
  class space    used 7626K, capacity 8352K, committed 8360K, reserved 1048576K
Event: 57.430 GC heap after
Heap after GC invocations=16 (full 3):
 PSYoungGen      total 314880K, used 0K [0x00000000d5580000, 0x00000000f3200000, 0x0000000100000000)
  eden space 288256K, 0% used [0x00000000d5580000,0x00000000d5580000,0x00000000e6f00000)
  from space 26624K, 0% used [0x00000000e6f00000,0x00000000e6f00000,0x00000000e8900000)
  to   space 37376K, 0% used [0x00000000f0d80000,0x00000000f0d80000,0x00000000f3200000)
 ParOldGen       total 245760K, used 65079K [0x0000000080000000, 0x000000008f000000, 0x00000000d5580000)
  object space 245760K, 26% used [0x0000000080000000,0x0000000083f8dfa8,0x000000008f000000)
 Metaspace       used 55957K, capacity 59020K, committed 59160K, reserved 1099776K
  class space    used 7617K, capacity 8335K, committed 8360K, reserved 1048576K
}
Event: 67.799 GC heap before
{Heap before GC invocations=17 (full 3):
 PSYoungGen      total 314880K, used 288256K [0x00000000d5580000, 0x00000000f3200000, 0x0000000100000000)
  eden space 288256K, 100% used [0x00000000d5580000,0x00000000e6f00000,0x00000000e6f00000)
  from space 26624K, 0% used [0x00000000e6f00000,0x00000000e6f00000,0x00000000e8900000)
  to   space 37376K, 0% used [0x00000000f0d80000,0x00000000f0d80000,0x00000000f3200000)
 ParOldGen       total 245760K, used 65079K [0x0000000080000000, 0x000000008f000000, 0x00000000d5580000)
  object space 245760K, 26% used [0x0000000080000000,0x0000000083f8dfa8,0x000000008f000000)
 Metaspace       used 66891K, capacity 71788K, committed 71976K, reserved 1110016K
  class space    used 9358K, capacity 10705K, committed 10792K, reserved 1048576K
Event: 67.921 GC heap after
Heap after GC invocations=17 (full 3):
 PSYoungGen      total 420864K, used 35508K [0x00000000d5580000, 0x00000000f3080000, 0x0000000100000000)
  eden space 385024K, 0% used [0x00000000d5580000,0x00000000d5580000,0x00000000ecd80000)
  from space 35840K, 99% used [0x00000000f0d80000,0x00000000f302d060,0x00000000f3080000)
  to   space 41984K, 0% used [0x00000000ede80000,0x00000000ede80000,0x00000000f0780000)
 ParOldGen       total 245760K, used 65087K [0x0000000080000000, 0x000000008f000000, 0x00000000d5580000)
  object space 245760K, 26% used [0x0000000080000000,0x0000000083f8ffa8,0x000000008f000000)
 Metaspace       used 66891K, capacity 71788K, committed 71976K, reserved 1110016K
  class space    used 9358K, capacity 10705K, committed 10792K, reserved 1048576K
}
Event: 75.147 GC heap before
{Heap before GC invocations=18 (full 3):
 PSYoungGen      total 420864K, used 420532K [0x00000000d5580000, 0x00000000f3080000, 0x0000000100000000)
  eden space 385024K, 100% used [0x00000000d5580000,0x00000000ecd80000,0x00000000ecd80000)
  from space 35840K, 99% used [0x00000000f0d80000,0x00000000f302d060,0x00000000f3080000)
  to   space 41984K, 0% used [0x00000000ede80000,0x00000000ede80000,0x00000000f0780000)
 ParOldGen       total 245760K, used 65087K [0x0000000080000000, 0x000000008f000000, 0x00000000d5580000)
  object space 245760K, 26% used [0x0000000080000000,0x0000000083f8ffa8,0x000000008f000000)
 Metaspace       used 79593K, capacity 87460K, committed 87592K, reserved 1124352K
  class space    used 11236K, capacity 13281K, committed 13352K, reserved 1048576K
Event: 75.315 GC heap after
Heap after GC invocations=18 (full 3):
 PSYoungGen      total 427008K, used 41952K [0x00000000d5580000, 0x00000000f3080000, 0x0000000100000000)
  eden space 385024K, 0% used [0x00000000d5580000,0x00000000d5580000,0x00000000ecd80000)
  from space 41984K, 99% used [0x00000000ede80000,0x00000000f0778010,0x00000000f0780000)
  to   space 35840K, 0% used [0x00000000f0d80000,0x00000000f0d80000,0x00000000f3080000)
 ParOldGen       total 245760K, used 113609K [0x0000000080000000, 0x000000008f000000, 0x00000000d5580000)
  object space 245760K, 46% used [0x0000000080000000,0x0000000086ef2668,0x000000008f000000)
 Metaspace       used 79593K, capacity 87460K, committed 87592K, reserved 1124352K
  class space    used 11236K, capacity 13281K, committed 13352K, reserved 1048576K
}
Event: 79.201 GC heap before
{Heap before GC invocations=19 (full 3):
 PSYoungGen      total 427008K, used 426976K [0x00000000d5580000, 0x00000000f3080000, 0x0000000100000000)
  eden space 385024K, 100% used [0x00000000d5580000,0x00000000ecd80000,0x00000000ecd80000)
  from space 41984K, 99% used [0x00000000ede80000,0x00000000f0778010,0x00000000f0780000)
  to   space 35840K, 0% used [0x00000000f0d80000,0x00000000f0d80000,0x00000000f3080000)
 ParOldGen       total 245760K, used 113609K [0x0000000080000000, 0x000000008f000000, 0x00000000d5580000)
  object space 245760K, 46% used [0x0000000080000000,0x0000000086ef2668,0x000000008f000000)
 Metaspace       used 79846K, capacity 87714K, committed 87848K, reserved 1124352K
  class space    used 11246K, capacity 13288K, committed 13352K, reserved 1048576K
Event: 79.355 GC heap after
Heap after GC invocations=19 (full 3):
 PSYoungGen      total 420864K, used 35820K [0x00000000d5580000, 0x00000000f3080000, 0x0000000100000000)
  eden space 385024K, 0% used [0x00000000d5580000,0x00000000d5580000,0x00000000ecd80000)
  from space 35840K, 99% used [0x00000000f0d80000,0x00000000f307b0a8,0x00000000f3080000)
  to   space 41984K, 0% used [0x00000000ede80000,0x00000000ede80000,0x00000000f0780000)
 ParOldGen       total 245760K, used 159119K [0x0000000080000000, 0x000000008f000000, 0x00000000d5580000)
  object space 245760K, 64% used [0x0000000080000000,0x0000000089b63d40,0x000000008f000000)
 Metaspace       used 79846K, capacity 87714K, committed 87848K, reserved 1124352K
  class space    used 11246K, capacity 13288K, committed 13352K, reserved 1048576K
}

Deoptimization events (10 events):
Event: 82.726 Thread 0x000000001931d800 Uncommon trap: reason=unstable_if action=reinterpret pc=0x0000000003470b24 method=org.gradle.api.internal.file.pattern.FixedStepPathMatcher.matches([Ljava/lang/String;I)Z @ 35
Event: 82.733 Thread 0x000000001d250800 Uncommon trap: reason=predicate action=maybe_recompile pc=0x0000000004daa140 method=java.util.TimSort.binarySort([Ljava/lang/Object;IIILjava/util/Comparator;)V @ 37
Event: 82.734 Thread 0x000000001d250800 Uncommon trap: reason=predicate action=maybe_recompile pc=0x0000000004d1fcc8 method=java.util.TimSort.binarySort([Ljava/lang/Object;IIILjava/util/Comparator;)V @ 37
Event: 83.216 Thread 0x00000000192ae800 Uncommon trap: reason=unstable_if action=reinterpret pc=0x000000000491430c method=com.google.common.cache.LongAdder.add(J)V @ 24
Event: 83.290 Thread 0x000000001d81b000 Uncommon trap: reason=bimorphic action=maybe_recompile pc=0x00000000038bd18c method=org.gradle.internal.fingerprint.impl.AbsolutePathFingerprintingStrategy$1.visitEntry(Lorg/gradle/internal/snapshot/FileSystemLocationSnapshot;Z)Lorg/gradle/internal/snapsh
Event: 83.290 Thread 0x000000001d81b000 Uncommon trap: reason=unstable_if action=reinterpret pc=0x0000000004f78868 method=com.google.common.collect.ImmutableMultimap$1.hasNext()Z @ 9
Event: 83.294 Thread 0x000000001d81b000 Uncommon trap: reason=array_check action=maybe_recompile pc=0x0000000004f86590 method=java.util.TimSort.binarySort([Ljava/lang/Object;IIILjava/util/Comparator;)V @ 215
Event: 83.294 Thread 0x000000001d81b000 Uncommon trap: reason=array_check action=maybe_recompile pc=0x0000000004f8667c method=java.util.TimSort.binarySort([Ljava/lang/Object;IIILjava/util/Comparator;)V @ 193
Event: 83.295 Thread 0x000000001d81b000 Uncommon trap: reason=unstable_if action=reinterpret pc=0x0000000003d7df88 method=java.lang.Class.arrayContentsEq([Ljava/lang/Object;[Ljava/lang/Object;)Z @ 1
Event: 83.298 Thread 0x000000001d81b000 Uncommon trap: reason=class_check action=maybe_recompile pc=0x0000000004ec57b8 method=org.gradle.internal.snapshot.SnapshotUtil$1.handleUnrelatedToAnyChild()Ljava/util/Optional; @ 4

Classes redefined (0 events):
No events

Internal exceptions (10 events):
Event: 75.044 Thread 0x000000001d250800 Exception <a 'java/lang/NoSuchMethodError': java.lang.Object.lambda$flatMap$4(Ljava/util/function/Function;)Lorg/gradle/api/internal/artifacts/transform/CacheableInvocation;> (0x00000000ec762b78) thrown at [C:\re\workspace\8-2-build-windows-amd64-cygwin\j
Event: 75.045 Thread 0x00000000192ae000 Exception <a 'java/lang/NoSuchMethodError': java.lang.Object.lambda$flatMap$3(Ljava/util/function/Function;)Lorg/gradle/internal/Try;> (0x00000000d567dd48) thrown at [C:\re\workspace\8-2-build-windows-amd64-cygwin\jdk8u181\11358\hotspot\src\share\vm\inter
Event: 75.045 Thread 0x000000001d250800 Exception <a 'java/lang/NoSuchMethodError': java.lang.Object.lambda$flatMap$3(Ljava/util/function/Function;)Lorg/gradle/internal/Try;> (0x00000000ec766ce0) thrown at [C:\re\workspace\8-2-build-windows-amd64-cygwin\jdk8u181\11358\hotspot\src\share\vm\inter
Event: 75.051 Thread 0x00000000192ae000 Exception <a 'java/lang/NoSuchMethodError': java.lang.Object.lambda$flatMap$2(Ljava/util/function/Function;Ljava/lang/Object;)Lorg/gradle/internal/Try;> (0x00000000d5690a80) thrown at [C:\re\workspace\8-2-build-windows-amd64-cygwin\jdk8u181\11358\hotspot\
Event: 75.093 Thread 0x000000001d250800 Exception <a 'java/lang/NoSuchMethodError': java.lang.Object.lambda$flatMap$0(Ljava/lang/Throwable;)Lorg/gradle/api/internal/artifacts/transform/CacheableInvocation;> (0x00000000ec8870a0) thrown at [C:\re\workspace\8-2-build-windows-amd64-cygwin\jdk8u181\
Event: 82.733 Thread 0x000000001d250800 Exception <a 'java/lang/NoSuchMethodError': <clinit>> (0x00000000dfb101a8) thrown at [C:\re\workspace\8-2-build-windows-amd64-cygwin\jdk8u181\11358\hotspot\src\share\vm\prims\jni.cpp, line 1613]
Event: 82.734 Thread 0x000000001d250800 Exception <a 'java/lang/NoSuchMethodError': <clinit>> (0x00000000dfb1f550) thrown at [C:\re\workspace\8-2-build-windows-amd64-cygwin\jdk8u181\11358\hotspot\src\share\vm\prims\jni.cpp, line 1613]
Event: 83.294 Thread 0x000000001d81b000 Exception <a 'java/lang/NoSuchMethodError': <clinit>> (0x00000000e14d9678) thrown at [C:\re\workspace\8-2-build-windows-amd64-cygwin\jdk8u181\11358\hotspot\src\share\vm\prims\jni.cpp, line 1613]
Event: 83.295 Thread 0x000000001d81b000 Implicit null exception at 0x0000000003d7dcce to 0x0000000003d7df55
Event: 83.329 Thread 0x000000001d81b000 Exception <a 'java/lang/NoSuchMethodError': <clinit>> (0x00000000e15a7f60) thrown at [C:\re\workspace\8-2-build-windows-amd64-cygwin\jdk8u181\11358\hotspot\src\share\vm\prims\jni.cpp, line 1613]

Events (10 events):
Event: 83.325 Executing VM operation: RevokeBias
Event: 83.325 Executing VM operation: RevokeBias done
Event: 83.325 Executing VM operation: RevokeBias
Event: 83.326 Executing VM operation: RevokeBias done
Event: 83.326 Executing VM operation: RevokeBias
Event: 83.326 Executing VM operation: RevokeBias done
Event: 83.326 Executing VM operation: BulkRevokeBias
Event: 83.328 Executing VM operation: BulkRevokeBias done
Event: 83.342 Thread 0x00000000176b2800 flushing nmethod 0x0000000002bcc150
Event: 83.342 Thread 0x00000000176b2800 flushing nmethod 0x0000000002c67e90


Dynamic libraries:
0x00007ff66a100000 - 0x00007ff66a137000 	C:\Program Files\Java\jdk1.8.0_181\bin\java.exe
0x00007ffeb3d30000 - 0x00007ffeb3f25000 	C:\WINDOWS\SYSTEM32\ntdll.dll
0x00007ffeb2360000 - 0x00007ffeb241d000 	C:\WINDOWS\System32\KERNEL32.DLL
0x00007ffeb16a0000 - 0x00007ffeb1968000 	C:\WINDOWS\System32\KERNELBASE.dll
0x00007ffeb3120000 - 0x00007ffeb31cc000 	C:\WINDOWS\System32\ADVAPI32.dll
0x00007ffeb2a90000 - 0x00007ffeb2b2e000 	C:\WINDOWS\System32\msvcrt.dll
0x00007ffeb3080000 - 0x00007ffeb311b000 	C:\WINDOWS\System32\sechost.dll
0x00007ffeb1e70000 - 0x00007ffeb1f9b000 	C:\WINDOWS\System32\RPCRT4.dll
0x00007ffeb2030000 - 0x00007ffeb21d0000 	C:\WINDOWS\System32\USER32.dll
0x00007ffeb1470000 - 0x00007ffeb1492000 	C:\WINDOWS\System32\win32u.dll
0x00007ffeb3c30000 - 0x00007ffeb3c5a000 	C:\WINDOWS\System32\GDI32.dll
0x00007ffeb1c90000 - 0x00007ffeb1d9b000 	C:\WINDOWS\System32\gdi32full.dll
0x00007ffeb15a0000 - 0x00007ffeb163d000 	C:\WINDOWS\System32\msvcp_win.dll
0x00007ffeb1970000 - 0x00007ffeb1a70000 	C:\WINDOWS\System32\ucrtbase.dll
0x00007ffe9c3d0000 - 0x00007ffe9c66a000 	C:\WINDOWS\WinSxS\amd64_microsoft.windows.common-controls_6595b64144ccf1df_6.0.19041.1052_none_60b8f8fd71f5e8cb\COMCTL32.dll
0x00007ffeb3c60000 - 0x00007ffeb3c90000 	C:\WINDOWS\System32\IMM32.DLL
0x0000000077940000 - 0x0000000077a12000 	C:\Program Files\Java\jdk1.8.0_181\jre\bin\msvcr100.dll
0x0000000076570000 - 0x0000000076e12000 	C:\Program Files\Java\jdk1.8.0_181\jre\bin\server\jvm.dll
0x00007ffeb2000000 - 0x00007ffeb2008000 	C:\WINDOWS\System32\PSAPI.DLL
0x00007ffea2e10000 - 0x00007ffea2e37000 	C:\WINDOWS\SYSTEM32\WINMM.dll
0x00007ffea64a0000 - 0x00007ffea64aa000 	C:\WINDOWS\SYSTEM32\VERSION.dll
0x00007ffe8d660000 - 0x00007ffe8d669000 	C:\WINDOWS\SYSTEM32\WSOCK32.dll
0x00007ffeb22f0000 - 0x00007ffeb235b000 	C:\WINDOWS\System32\WS2_32.dll
0x0000000050000000 - 0x000000005000f000 	C:\Program Files\Java\jdk1.8.0_181\jre\bin\verify.dll
0x0000000077910000 - 0x0000000077939000 	C:\Program Files\Java\jdk1.8.0_181\jre\bin\java.dll
0x00000000778f0000 - 0x0000000077906000 	C:\Program Files\Java\jdk1.8.0_181\jre\bin\zip.dll
0x00007ffeb32e0000 - 0x00007ffeb3a1f000 	C:\WINDOWS\System32\SHELL32.dll
0x00007ffeaf550000 - 0x00007ffeafce0000 	C:\WINDOWS\SYSTEM32\windows.storage.dll
0x00007ffeb2420000 - 0x00007ffeb2775000 	C:\WINDOWS\System32\combase.dll
0x00007ffeb0e10000 - 0x00007ffeb0e3c000 	C:\WINDOWS\SYSTEM32\Wldp.dll
0x00007ffeb29e0000 - 0x00007ffeb2a8e000 	C:\WINDOWS\System32\SHCORE.dll
0x00007ffeb3c90000 - 0x00007ffeb3ce5000 	C:\WINDOWS\System32\shlwapi.dll
0x00007ffeb13b0000 - 0x00007ffeb13cf000 	C:\WINDOWS\SYSTEM32\profapi.dll
0x00000000778d0000 - 0x00000000778ea000 	C:\Program Files\Java\jdk1.8.0_181\jre\bin\net.dll
0x00007ffeb0b80000 - 0x00007ffeb0bea000 	C:\WINDOWS\system32\mswsock.dll
0x00000000778b0000 - 0x00000000778c1000 	C:\Program Files\Java\jdk1.8.0_181\jre\bin\nio.dll
0x00007ffe92820000 - 0x00007ffe92847000 	C:\Users\HP\.gradle\native\fdc75f09e3144964f2cf3f50f0aa648679c211496f362492102eb8c894070792\windows-amd64\native-platform.dll
0x00007ffe70920000 - 0x00007ffe70ab6000 	C:\Users\HP\.gradle\native\12488b8bf47d2d4c9fbf2f6322a914ad602e24e48041cd04a747c6da556b65c4\windows-amd64\native-platform-file-events.dll
0x0000000077df0000 - 0x0000000077dfd000 	C:\Program Files\Java\jdk1.8.0_181\jre\bin\management.dll
0x00007ffeb0d60000 - 0x00007ffeb0d78000 	C:\WINDOWS\SYSTEM32\CRYPTSP.dll
0x00007ffeb0520000 - 0x00007ffeb0554000 	C:\WINDOWS\system32\rsaenh.dll
0x00007ffeb1c60000 - 0x00007ffeb1c87000 	C:\WINDOWS\System32\bcrypt.dll
0x00007ffeb1370000 - 0x00007ffeb139e000 	C:\WINDOWS\SYSTEM32\USERENV.dll
0x00007ffeb1bd0000 - 0x00007ffeb1c53000 	C:\WINDOWS\System32\bcryptprimitives.dll
0x00007ffeb0d50000 - 0x00007ffeb0d5c000 	C:\WINDOWS\SYSTEM32\CRYPTBASE.dll
0x00007ffeb0870000 - 0x00007ffeb08ab000 	C:\WINDOWS\SYSTEM32\IPHLPAPI.DLL
0x00007ffeb29d0000 - 0x00007ffeb29d8000 	C:\WINDOWS\System32\NSI.dll
0x00007ffeab4d0000 - 0x00007ffeab4e7000 	C:\WINDOWS\SYSTEM32\dhcpcsvc6.DLL
0x00007ffeab240000 - 0x00007ffeab25d000 	C:\WINDOWS\SYSTEM32\dhcpcsvc.DLL
0x00007ffeb08b0000 - 0x00007ffeb097c000 	C:\WINDOWS\SYSTEM32\DNSAPI.dll
0x00007ffea6170000 - 0x00007ffea617b000 	C:\WINDOWS\SYSTEM32\WINNSI.DLL

VM Arguments:
jvm_args: -XX:MaxPermSize=512m -XX:+HeapDumpOnOutOfMemoryError -Xmx2048m -Dfile.encoding=UTF-8 -Duser.country=FR -Duser.language=fr -Duser.variant 
java_command: org.gradle.launcher.daemon.bootstrap.GradleDaemon 6.8
java_class_path (initial): C:\Users\HP\.gradle\wrapper\dists\gradle-6.8-all\9emh0d32e025cam7aasxcw002\gradle-6.8\lib\gradle-launcher-6.8.jar
Launcher Type: SUN_STANDARD

Environment Variables:
JAVA_HOME=C:\Program Files\Java\jdk1.8.0_181\
CLASSPATH=C:\Users\HP\Documents\4YDAYS\app\android\\gradle\wrapper\gradle-wrapper.jar
USERNAME=Mêriéèm
OS=Windows_NT
PROCESSOR_IDENTIFIER=Intel64 Family 6 Model 142 Stepping 9, GenuineIntel



---------------  S Y S T E M  ---------------

OS: Windows 10.0 , 64 bit Build 19041 (10.0.19041.1023)

CPU:total 4 (initial active 4) (2 cores per cpu, 2 threads per core) family 6 model 142 stepping 9, cmov, cx8, fxsr, mmx, sse, sse2, sse3, ssse3, sse4.1, sse4.2, popcnt, avx, avx2, aes, clmul, erms, 3dnowpref, lzcnt, ht, tsc, tscinvbit, bmi1, bmi2, adx

Memory: 4k page, physical 16671948k(3025088k free), swap 17720524k(4096k free)

vm_info: Java HotSpot(TM) 64-Bit Server VM (25.181-b13) for windows-amd64 JRE (1.8.0_181-b13), built on Jul  7 2018 04:01:33 by "java_re" with MS VC++ 10.0 (VS2010)

time: Wed Jun 16 11:54:09 2021
elapsed time: 83 seconds (0d 0h 1m 23s)

