#
# There is insufficient memory for the Java Runtime Environment to continue.
# Native memory allocation (malloc) failed to allocate 438256 bytes for Chunk::new
# Possible reasons:
#   The system is out of physical RAM or swap space
#   In 32 bit mode, the process size limit was hit
# Possible solutions:
#   Reduce memory load on the system
#   Increase physical memory or swap space
#   Check if swap backing store is full
#   Use 64 bit Java on a 64 bit OS
#   Decrease Java heap size (-Xmx/-Xms)
#   Decrease number of Java threads
#   Decrease Java thread stack sizes (-Xss)
#   Set larger code cache with -XX:ReservedCodeCacheSize=
# This output file may be truncated or incomplete.
#
#  Out of Memory Error (allocation.cpp:390), pid=7232, tid=0x0000000000005298
#
# JRE version: Java(TM) SE Runtime Environment (8.0_181-b13) (build 1.8.0_181-b13)
# Java VM: Java HotSpot(TM) 64-Bit Server VM (25.181-b13 mixed mode windows-amd64 compressed oops)
# Failed to write core dump. Minidumps are not enabled by default on client versions of Windows
#

---------------  T H R E A D  ---------------

Current thread (0x00000000174f4000):  JavaThread "C2 CompilerThread0" daemon [_thread_in_native, id=21144, stack(0x0000000018b90000,0x0000000018c90000)]

Stack: [0x0000000018b90000,0x0000000018c90000]
[error occurred during error reporting (printing stack bounds), id 0xc0000005]

Native frames: (J=compiled Java code, j=interpreted, Vv=VM code, C=native code)


Current CompileTask:
C2: 185113 22283       4       com.android.tools.r8.z.a.a.f::a (6058 bytes)


---------------  P R O C E S S  ---------------

Java Threads: ( => current thread )
  0x0000000019a14800 JavaThread "RMI TCP Connection(7)-127.0.0.1" daemon [_thread_in_native, id=16044, stack(0x00000000249a0000,0x0000000024aa0000)]
  0x0000000019a19000 JavaThread "RMI TCP Connection(6)-127.0.0.1" daemon [_thread_in_native, id=22080, stack(0x00000000247a0000,0x00000000248a0000)]
  0x000000001f94a000 JavaThread "RMI TCP Connection(idle)" daemon [_thread_blocked, id=19760, stack(0x00000000245a0000,0x00000000246a0000)]
  0x000000001f941800 JavaThread "RMI TCP Connection(8)-127.0.0.1" daemon [_thread_in_native, id=13592, stack(0x00000000243a0000,0x00000000244a0000)]
  0x000000001f948800 JavaThread "RMI Reaper" [_thread_blocked, id=16712, stack(0x00000000242a0000,0x00000000243a0000)]
  0x000000001f946000 JavaThread "RMI TCP Accept-0" daemon [_thread_in_native, id=11072, stack(0x00000000241a0000,0x00000000242a0000)]
  0x000000001f947000 JavaThread "GC Daemon" daemon [_thread_blocked, id=11248, stack(0x00000000240a0000,0x00000000241a0000)]
  0x000000001f941000 JavaThread "RMI Scheduler(0)" daemon [_thread_blocked, id=19568, stack(0x0000000023900000,0x0000000023a00000)]
  0x000000001f940000 JavaThread "WorkerExecutor Queue Thread 4" [_thread_blocked, id=20216, stack(0x0000000021830000,0x0000000021930000)]
  0x000000001f942800 JavaThread "WorkerExecutor Queue Thread 3" [_thread_blocked, id=15940, stack(0x0000000000ce0000,0x0000000000de0000)]
  0x000000001f93f800 JavaThread "WorkerExecutor Queue Thread 2" [_thread_blocked, id=3020, stack(0x0000000000ae0000,0x0000000000be0000)]
  0x0000000019a11800 JavaThread "WorkerExecutor Queue" [_thread_blocked, id=9392, stack(0x000000002def0000,0x000000002dff0000)]
  0x0000000019a17800 JavaThread "Cache worker for Java compile cache (C:\Users\HP\Documents\4YDAYS\app\android\.gradle\6.8\javaCompile)" [_thread_blocked, id=21588, stack(0x000000002d9f0000,0x000000002daf0000)]
  0x000000001d9ee000 JavaThread "Cache worker for Java compile cache (C:\Users\HP\.gradle\caches\6.8\javaCompile)" [_thread_blocked, id=12448, stack(0x000000002d8f0000,0x000000002d9f0000)]
  0x000000001a290000 JavaThread "Cache worker for execution history cache (C:\Users\HP\Documents\4YDAYS\app\android\.gradle\6.8\executionHistory)" [_thread_blocked, id=10352, stack(0x000000002ce10000,0x000000002cf10000)]
  0x000000001a28d800 JavaThread "Execution worker for ':' Thread 3" [_thread_blocked, id=20588, stack(0x000000002d1f0000,0x000000002d2f0000)]
  0x000000001a28f000 JavaThread "Execution worker for ':' Thread 2" [_thread_blocked, id=4076, stack(0x000000002a170000,0x000000002a270000)]
  0x000000001a28e800 JavaThread "Execution worker for ':'" [_thread_blocked, id=5956, stack(0x0000000000be0000,0x0000000000ce0000)]
  0x000000001f947800 JavaThread "Memory manager" [_thread_blocked, id=20776, stack(0x000000002a070000,0x000000002a170000)]
  0x000000001f94b800 JavaThread "pool-1-thread-1" [_thread_blocked, id=21360, stack(0x0000000023ea0000,0x0000000023fa0000)]
  0x000000001d9f3800 JavaThread "Build operations Thread 4" [_thread_blocked, id=14476, stack(0x0000000023da0000,0x0000000023ea0000)]
  0x000000001d9f0800 JavaThread "Build operations Thread 3" [_thread_in_vm, id=20596, stack(0x0000000023ca0000,0x0000000023da0000)]
  0x000000001d9ef000 JavaThread "Build operations Thread 2" [_thread_blocked, id=8256, stack(0x0000000023ba0000,0x0000000023ca0000)]
  0x000000001d9f4000 JavaThread "Build operations" [_thread_in_Java, id=18760, stack(0x0000000023aa0000,0x0000000023ba0000)]
  0x000000001d9f1000 JavaThread "Cache worker for Build Output Cleanup Cache (C:\Users\HP\Documents\4YDAYS\app\android\.gradle\buildOutputCleanup)" [_thread_blocked, id=11684, stack(0x0000000023400000,0x0000000023500000)]
  0x000000001d9ec800 JavaThread "Cache worker for file content cache (C:\Users\HP\.gradle\caches\6.8\fileContent)" [_thread_blocked, id=17760, stack(0x0000000021930000,0x0000000021a30000)]
  0x0000000017506000 JavaThread "Cache worker for execution history cache (C:\Users\HP\.gradle\caches\6.8\executionHistory)" [_thread_blocked, id=21564, stack(0x0000000021130000,0x0000000021230000)]
  0x0000000017505800 JavaThread "Cache worker for cache directory md-rule (C:\Users\HP\.gradle\caches\6.8\md-rule)" [_thread_blocked, id=21828, stack(0x0000000021030000,0x0000000021130000)]
  0x0000000017508800 JavaThread "Cache worker for cache directory md-supplier (C:\Users\HP\.gradle\caches\6.8\md-supplier)" [_thread_blocked, id=20396, stack(0x000000001fae0000,0x000000001fbe0000)]
  0x0000000017504000 JavaThread "Cache worker for checksums cache (C:\Users\HP\Documents\4YDAYS\app\android\.gradle\checksums)" [_thread_blocked, id=8524, stack(0x000000001f9e0000,0x000000001fae0000)]
  0x0000000017504800 JavaThread "Cache worker for file hash cache (C:\Users\HP\Documents\4YDAYS\app\android\.gradle\6.8\fileHashes)" [_thread_blocked, id=1188, stack(0x000000001e6b0000,0x000000001e7b0000)]
  0x0000000017503000 JavaThread "Cache worker for journal cache (C:\Users\HP\.gradle\caches\journal-1)" [_thread_blocked, id=17816, stack(0x000000001d5e0000,0x000000001d6e0000)]
  0x0000000017507800 JavaThread "File lock request listener" [_thread_in_native, id=7500, stack(0x000000001d4e0000,0x000000001d5e0000)]
  0x0000000017509000 JavaThread "Cache worker for file hash cache (C:\Users\HP\.gradle\caches\6.8\fileHashes)" [_thread_blocked, id=21668, stack(0x000000001d2e0000,0x000000001d3e0000)]
  0x000000001ade7800 JavaThread "Daemon client event forwarder" [_thread_blocked, id=13560, stack(0x000000001cfe0000,0x000000001d0e0000)]
  0x000000001ad53800 JavaThread "Stdin handler" [_thread_blocked, id=22464, stack(0x000000001cee0000,0x000000001cfe0000)]
  0x000000001ad4e800 JavaThread "Asynchronous log dispatcher for DefaultDaemonConnection: socket connection from /127.0.0.1:64161 to /127.0.0.1:64162" [_thread_blocked, id=3172, stack(0x000000001cde0000,0x000000001cee0000)]
  0x000000001ad69000 JavaThread "Daemon worker" [_thread_blocked, id=7840, stack(0x000000001cce0000,0x000000001cde0000)]
  0x000000001ad6d000 JavaThread "Cancel handler" [_thread_blocked, id=19488, stack(0x000000001cbe0000,0x000000001cce0000)]
  0x000000001ad2b800 JavaThread "Handler for socket connection from /127.0.0.1:64161 to /127.0.0.1:64162" [_thread_in_native, id=12624, stack(0x000000001cae0000,0x000000001cbe0000)]
  0x000000001ad81800 JavaThread "Daemon" [_thread_blocked, id=9908, stack(0x000000001c9e0000,0x000000001cae0000)]
  0x000000001ad15000 JavaThread "Daemon periodic checks" [_thread_blocked, id=8644, stack(0x000000001c6e0000,0x000000001c7e0000)]
  0x000000001ad14800 JavaThread "Incoming local TCP Connector on port 64161" [_thread_in_native, id=4148, stack(0x000000001c470000,0x000000001c570000)]
  0x000000001ac73000 JavaThread "Daemon health stats" [_thread_blocked, id=19920, stack(0x000000001bc30000,0x000000001bd30000)]
  0x0000000018ebe000 JavaThread "Service Thread" daemon [_thread_blocked, id=18256, stack(0x0000000019290000,0x0000000019390000)]
  0x0000000017507000 JavaThread "C1 CompilerThread2" daemon [_thread_in_vm, id=13628, stack(0x0000000018d90000,0x0000000018e90000)]
  0x00000000174fa800 JavaThread "C2 CompilerThread1" daemon [_thread_in_native, id=21368, stack(0x0000000018c90000,0x0000000018d90000)]
=>0x00000000174f4000 JavaThread "C2 CompilerThread0" daemon [_thread_in_native, id=21144, stack(0x0000000018b90000,0x0000000018c90000)]
  0x00000000174f2000 JavaThread "Attach Listener" daemon [_thread_blocked, id=18116, stack(0x0000000018a90000,0x0000000018b90000)]
  0x00000000028c9000 JavaThread "Signal Dispatcher" daemon [_thread_blocked, id=6236, stack(0x0000000018990000,0x0000000018a90000)]
  0x00000000174e0000 JavaThread "Finalizer" daemon [_thread_blocked, id=1260, stack(0x0000000018760000,0x0000000018860000)]
  0x00000000028c2000 JavaThread "Reference Handler" daemon [_thread_blocked, id=19724, stack(0x0000000018660000,0x0000000018760000)]
  0x00000000027d3800 JavaThread "main" [_thread_blocked, id=2560, stack(0x0000000002620000,0x0000000002720000)]

Other Threads:
  0x00000000174b8000 VMThread [stack: 0x0000000018560000,0x0000000018660000] [id=16696]
  0x0000000018ec6800 WatcherThread [stack: 0x0000000019390000,0x0000000019490000] [id=10440]

VM state:not at safepoint (normal execution)

VM Mutex/Monitor currently owned by a thread:  ([mutex/lock_event])
[0x00000000027d2360] CompiledIC_lock - owner thread: 0x0000000000000000

Heap:
 PSYoungGen      total 580608K, used 206598K [0x00000000d5580000, 0x0000000100000000, 0x0000000100000000)
  eden space 496128K, 30% used [0x00000000d5580000,0x00000000deb02a48,0x00000000f3a00000)
  from space 84480K, 63% used [0x00000000fad80000,0x00000000fe1beee8,0x0000000100000000)
  to   space 101376K, 0% used [0x00000000f3a00000,0x00000000f3a00000,0x00000000f9d00000)
 ParOldGen       total 432128K, used 222856K [0x0000000080000000, 0x000000009a600000, 0x00000000d5580000)
  object space 432128K, 51% used [0x0000000080000000,0x000000008d9a2350,0x000000009a600000)
 Metaspace       used 114378K, capacity 124492K, committed 124696K, reserved 1155072K
  class space    used 15644K, capacity 18075K, committed 18200K, reserved 1048576K

Card table byte_map: [0x0000000011c90000,0x00000000120a0000] byte_map_base: 0x0000000011890000

Marking Bits: (ParMarkBitMap*) 0x0000000076d92d00
 Begin Bits: [0x0000000012750000, 0x0000000014750000)
 End Bits:   [0x0000000014750000, 0x0000000016750000)

Polling page: 0x0000000002600000

CodeCache: size=245760Kb used=64875Kb max_used=64883Kb free=180884Kb
 bounds [0x00000000028d0000, 0x0000000006880000, 0x00000000118d0000]
 total_blobs=20122 nmethods=19204 adapters=827
 compilation: disabled (not enough contiguous free space left)

Compilation events (10 events):
Event: 185.091 Thread 0x0000000017507000 nmethod 23287 0x0000000006865890 code [0x0000000006865a00, 0x0000000006865b88]
Event: 185.093 Thread 0x0000000017507000 23288       2       com.android.tools.r8.dex.m::a (14 bytes)
Event: 185.094 Thread 0x0000000017507000 nmethod 23288 0x0000000006865c10 code [0x0000000006865d80, 0x0000000006865f38]
Event: 185.094 Thread 0x0000000017507000 23289       2       com.android.tools.r8.graph.e1::a (10 bytes)
Event: 185.094 Thread 0x0000000017507000 nmethod 23289 0x0000000006866050 code [0x00000000068661c0, 0x0000000006866328]
Event: 185.094 Thread 0x0000000017507000 23290       2       com.android.tools.r8.graph.e1::b (10 bytes)
Event: 185.094 Thread 0x0000000017507000 nmethod 23290 0x00000000068663d0 code [0x0000000006866540, 0x00000000068666a8]
Event: 185.098 Thread 0x0000000017507000 23291 %     3       com.android.tools.r8.ir.optimize.l::k @ 104 (625 bytes)
Event: 185.107 Thread 0x0000000017507000 nmethod 23291% 0x0000000006866750 code [0x0000000006867100, 0x000000000686e1c8]
Event: 185.107 Thread 0x0000000017507000 23292       3       com.android.tools.r8.ir.optimize.l::k (625 bytes)

GC Heap History (10 events):
Event: 35.984 GC heap before
{Heap before GC invocations=16 (full 3):
 PSYoungGen      total 628224K, used 628216K [0x00000000d5580000, 0x0000000100000000, 0x0000000100000000)
  eden space 586240K, 100% used [0x00000000d5580000,0x00000000f9200000,0x00000000f9200000)
  from space 41984K, 99% used [0x00000000fd700000,0x00000000ffffe030,0x0000000100000000)
  to   space 56320K, 0% used [0x00000000f9200000,0x00000000f9200000,0x00000000fc900000)
 ParOldGen       total 200704K, used 62668K [0x0000000080000000, 0x000000008c400000, 0x00000000d5580000)
  object space 200704K, 31% used [0x0000000080000000,0x0000000083d333b8,0x000000008c400000)
 Metaspace       used 79759K, capacity 87634K, committed 87832K, reserved 1124352K
  class space    used 11237K, capacity 13309K, committed 13336K, reserved 1048576K
Event: 36.102 GC heap after
Heap after GC invocations=16 (full 3):
 PSYoungGen      total 642560K, used 56302K [0x00000000d5580000, 0x0000000100000000, 0x0000000100000000)
  eden space 586240K, 0% used [0x00000000d5580000,0x00000000d5580000,0x00000000f9200000)
  from space 56320K, 99% used [0x00000000f9200000,0x00000000fc8fba18,0x00000000fc900000)
  to   space 56320K, 0% used [0x00000000fc900000,0x00000000fc900000,0x0000000100000000)
 ParOldGen       total 200704K, used 120864K [0x0000000080000000, 0x000000008c400000, 0x00000000d5580000)
  object space 200704K, 60% used [0x0000000080000000,0x0000000087608190,0x000000008c400000)
 Metaspace       used 79759K, capacity 87634K, committed 87832K, reserved 1124352K
  class space    used 11237K, capacity 13309K, committed 13336K, reserved 1048576K
}
Event: 41.626 GC heap before
{Heap before GC invocations=17 (full 3):
 PSYoungGen      total 642560K, used 522076K [0x00000000d5580000, 0x0000000100000000, 0x0000000100000000)
  eden space 586240K, 79% used [0x00000000d5580000,0x00000000f1c5b9c8,0x00000000f9200000)
  from space 56320K, 99% used [0x00000000f9200000,0x00000000fc8fba18,0x00000000fc900000)
  to   space 56320K, 0% used [0x00000000fc900000,0x00000000fc900000,0x0000000100000000)
 ParOldGen       total 200704K, used 120864K [0x0000000080000000, 0x000000008c400000, 0x00000000d5580000)
  object space 200704K, 60% used [0x0000000080000000,0x0000000087608190,0x000000008c400000)
 Metaspace       used 90219K, capacity 98502K, committed 98600K, reserved 1132544K
  class space    used 12594K, capacity 14724K, committed 14744K, reserved 1048576K
Event: 41.713 GC heap after
Heap after GC invocations=17 (full 3):
 PSYoungGen      total 586240K, used 39061K [0x00000000d5580000, 0x0000000100000000, 0x0000000100000000)
  eden space 529920K, 0% used [0x00000000d5580000,0x00000000d5580000,0x00000000f5b00000)
  from space 56320K, 69% used [0x00000000fc900000,0x00000000fef255f0,0x0000000100000000)
  to   space 84480K, 0% used [0x00000000f5b00000,0x00000000f5b00000,0x00000000fad80000)
 ParOldGen       total 200704K, used 175431K [0x0000000080000000, 0x000000008c400000, 0x00000000d5580000)
  object space 200704K, 87% used [0x0000000080000000,0x000000008ab51f60,0x000000008c400000)
 Metaspace       used 90219K, capacity 98502K, committed 98600K, reserved 1132544K
  class space    used 12594K, capacity 14724K, committed 14744K, reserved 1048576K
}
Event: 41.713 GC heap before
{Heap before GC invocations=18 (full 4):
 PSYoungGen      total 586240K, used 39061K [0x00000000d5580000, 0x0000000100000000, 0x0000000100000000)
  eden space 529920K, 0% used [0x00000000d5580000,0x00000000d5580000,0x00000000f5b00000)
  from space 56320K, 69% used [0x00000000fc900000,0x00000000fef255f0,0x0000000100000000)
  to   space 84480K, 0% used [0x00000000f5b00000,0x00000000f5b00000,0x00000000fad80000)
 ParOldGen       total 200704K, used 175431K [0x0000000080000000, 0x000000008c400000, 0x00000000d5580000)
  object space 200704K, 87% used [0x0000000080000000,0x000000008ab51f60,0x000000008c400000)
 Metaspace       used 90219K, capacity 98502K, committed 98600K, reserved 1132544K
  class space    used 12594K, capacity 14724K, committed 14744K, reserved 1048576K
Event: 42.397 GC heap after
Heap after GC invocations=18 (full 4):
 PSYoungGen      total 586240K, used 0K [0x00000000d5580000, 0x0000000100000000, 0x0000000100000000)
  eden space 529920K, 0% used [0x00000000d5580000,0x00000000d5580000,0x00000000f5b00000)
  from space 56320K, 0% used [0x00000000fc900000,0x00000000fc900000,0x0000000100000000)
  to   space 84480K, 0% used [0x00000000f5b00000,0x00000000f5b00000,0x00000000fad80000)
 ParOldGen       total 432128K, used 193043K [0x0000000080000000, 0x000000009a600000, 0x00000000d5580000)
  object space 432128K, 44% used [0x0000000080000000,0x000000008bc84da8,0x000000009a600000)
 Metaspace       used 90208K, capacity 98470K, committed 98600K, reserved 1132544K
  class space    used 12590K, capacity 14718K, committed 14744K, reserved 1048576K
}
Event: 163.858 GC heap before
{Heap before GC invocations=19 (full 4):
 PSYoungGen      total 586240K, used 529920K [0x00000000d5580000, 0x0000000100000000, 0x0000000100000000)
  eden space 529920K, 100% used [0x00000000d5580000,0x00000000f5b00000,0x00000000f5b00000)
  from space 56320K, 0% used [0x00000000fc900000,0x00000000fc900000,0x0000000100000000)
  to   space 84480K, 0% used [0x00000000f5b00000,0x00000000f5b00000,0x00000000fad80000)
 ParOldGen       total 432128K, used 193043K [0x0000000080000000, 0x000000009a600000, 0x00000000d5580000)
  object space 432128K, 44% used [0x0000000080000000,0x000000008bc84da8,0x000000009a600000)
 Metaspace       used 104172K, capacity 112862K, committed 113176K, reserved 1146880K
  class space    used 14138K, capacity 16356K, committed 16408K, reserved 1048576K
Event: 164.076 GC heap after
Heap after GC invocations=19 (full 4):
 PSYoungGen      total 614400K, used 84474K [0x00000000d5580000, 0x0000000100000000, 0x0000000100000000)
  eden space 529920K, 0% used [0x00000000d5580000,0x00000000d5580000,0x00000000f5b00000)
  from space 84480K, 99% used [0x00000000f5b00000,0x00000000fad7e800,0x00000000fad80000)
  to   space 84480K, 0% used [0x00000000fad80000,0x00000000fad80000,0x0000000100000000)
 ParOldGen       total 432128K, used 202746K [0x0000000080000000, 0x000000009a600000, 0x00000000d5580000)
  object space 432128K, 46% used [0x0000000080000000,0x000000008c5fea28,0x000000009a600000)
 Metaspace       used 104172K, capacity 112862K, committed 113176K, reserved 1146880K
  class space    used 14138K, capacity 16356K, committed 16408K, reserved 1048576K
}
Event: 183.641 GC heap before
{Heap before GC invocations=20 (full 4):
 PSYoungGen      total 614400K, used 614394K [0x00000000d5580000, 0x0000000100000000, 0x0000000100000000)
  eden space 529920K, 100% used [0x00000000d5580000,0x00000000f5b00000,0x00000000f5b00000)
  from space 84480K, 99% used [0x00000000f5b00000,0x00000000fad7e800,0x00000000fad80000)
  to   space 84480K, 0% used [0x00000000fad80000,0x00000000fad80000,0x0000000100000000)
 ParOldGen       total 432128K, used 202746K [0x0000000080000000, 0x000000009a600000, 0x00000000d5580000)
  object space 432128K, 46% used [0x0000000080000000,0x000000008c5fea28,0x000000009a600000)
 Metaspace       used 106276K, capacity 115498K, committed 115608K, reserved 1148928K
  class space    used 14401K, capacity 16702K, committed 16792K, reserved 1048576K
Event: 183.744 GC heap after
Heap after GC invocations=20 (full 4):
 PSYoungGen      total 580608K, used 53499K [0x00000000d5580000, 0x0000000100000000, 0x0000000100000000)
  eden space 496128K, 0% used [0x00000000d5580000,0x00000000d5580000,0x00000000f3a00000)
  from space 84480K, 63% used [0x00000000fad80000,0x00000000fe1beee8,0x0000000100000000)
  to   space 101376K, 0% used [0x00000000f3a00000,0x00000000f3a00000,0x00000000f9d00000)
 ParOldGen       total 432128K, used 222856K [0x0000000080000000, 0x000000009a600000, 0x00000000d5580000)
  object space 432128K, 51% used [0x0000000080000000,0x000000008d9a2350,0x000000009a600000)
 Metaspace       used 106276K, capacity 115498K, committed 115608K, reserved 1148928K
  class space    used 14401K, capacity 16702K, committed 16792K, reserved 1048576K
}

Deoptimization events (10 events):
Event: 184.576 Thread 0x000000001d9f0800 Uncommon trap: reason=bimorphic action=maybe_recompile pc=0x0000000006595648 method=com.android.tools.r8.q.a.a.a.v.hash(Ljava/lang/Object;)I @ 8
Event: 184.576 Thread 0x000000001d9f0800 Uncommon trap: reason=bimorphic action=maybe_recompile pc=0x0000000006595648 method=com.android.tools.r8.q.a.a.a.v.hash(Ljava/lang/Object;)I @ 8
Event: 184.577 Thread 0x000000001d9f4000 Uncommon trap: reason=speculate_class_check action=maybe_recompile pc=0x0000000003419c3c method=java.util.stream.AbstractPipeline.spliterator()Ljava/util/Spliterator; @ 112
Event: 184.587 Thread 0x000000001d9f0800 Uncommon trap: reason=bimorphic action=maybe_recompile pc=0x0000000006595648 method=com.android.tools.r8.q.a.a.a.v.hash(Ljava/lang/Object;)I @ 8
Event: 184.587 Thread 0x000000001d9f0800 Uncommon trap: reason=bimorphic action=maybe_recompile pc=0x0000000006595648 method=com.android.tools.r8.q.a.a.a.v.hash(Ljava/lang/Object;)I @ 8
Event: 184.588 Thread 0x000000001d9f0800 Uncommon trap: reason=unstable_if action=reinterpret pc=0x0000000003f09f58 method=java.util.HashMap.computeIfAbsent(Ljava/lang/Object;Ljava/util/function/Function;)Ljava/lang/Object; @ 145
Event: 184.881 Thread 0x000000001d9f0800 Uncommon trap: reason=predicate action=maybe_recompile pc=0x0000000004fcb304 method=java.util.Iterator.forEachRemaining(Ljava/util/function/Consumer;)V @ 14
Event: 184.998 Thread 0x000000001d9f4000 Uncommon trap: reason=unstable_if action=reinterpret pc=0x0000000006509ec4 method=com.android.tools.r8.graph.i0.a([C)I @ 29
Event: 185.019 Thread 0x000000001d9f0800 Uncommon trap: reason=unstable_if action=reinterpret pc=0x0000000002bee3dc method=java.util.Arrays.equals([Ljava/lang/Object;[Ljava/lang/Object;)Z @ 47
Event: 185.060 Thread 0x000000001d9f0800 Uncommon trap: reason=unstable_if action=reinterpret pc=0x0000000004f73ee0 method=java.util.StringJoiner.toString()Ljava/lang/String; @ 4

Classes redefined (0 events):
No events

Internal exceptions (10 events):
Event: 182.973 Thread 0x000000001a28d800 Exception <a 'java/lang/NoSuchMethodError': java.lang.Object.lambda$static$0(Ljava/lang/String;)Z> (0x00000000f0af1100) thrown at [C:\re\workspace\8-2-build-windows-amd64-cygwin\jdk8u181\11358\hotspot\src\share\vm\interpreter\linkResolver.cpp, line 620]
Event: 182.987 Thread 0x000000001a28d800 Implicit null exception at 0x0000000004b1bcdd to 0x0000000004b1bdc1
Event: 183.139 Thread 0x000000001d9f4000 Exception <a 'sun/nio/fs/WindowsException'> (0x00000000f1796050) thrown at [C:\re\workspace\8-2-build-windows-amd64-cygwin\jdk8u181\11358\hotspot\src\share\vm\prims\jni.cpp, line 709]
Event: 183.627 Thread 0x000000001d9f0800 Exception <a 'sun/nio/fs/WindowsException'> (0x00000000f5885208) thrown at [C:\re\workspace\8-2-build-windows-amd64-cygwin\jdk8u181\11358\hotspot\src\share\vm\prims\jni.cpp, line 709]
Event: 183.928 Thread 0x000000001d9f4000 Exception <a 'sun/nio/fs/WindowsException'> (0x00000000d7d08d10) thrown at [C:\re\workspace\8-2-build-windows-amd64-cygwin\jdk8u181\11358\hotspot\src\share\vm\prims\jni.cpp, line 709]
Event: 183.976 Thread 0x000000001d9f0800 Exception <a 'java/lang/IncompatibleClassChangeError': Found class java.lang.Object, but interface was expected> (0x00000000d8015d20) thrown at [C:\re\workspace\8-2-build-windows-amd64-cygwin\jdk8u181\11358\hotspot\src\share\vm\interpreter\linkResolver.cp
Event: 184.447 Thread 0x000000001d9f0800 Exception <a 'java/lang/NoSuchMethodError': java.lang.Object.b(Lcom/android/tools/r8/graph/n1$b;)Lcom/android/tools/r8/graph/n1$b;> (0x00000000dbb7a810) thrown at [C:\re\workspace\8-2-build-windows-amd64-cygwin\jdk8u181\11358\hotspot\src\share\vm\interpre
Event: 184.496 Thread 0x000000001d9f0800 Exception <a 'java/lang/NoSuchMethodError': java.lang.Object.lambda$comparingInt$7b0bb60$1(Ljava/util/function/ToIntFunction;Ljava/lang/Object;Ljava/lang/Object;)I> (0x00000000dc2e7ac8) thrown at [C:\re\workspace\8-2-build-windows-amd64-cygwin\jdk8u181\11
Event: 184.496 Thread 0x000000001d9f0800 Exception <a 'java/lang/NoSuchMethodError': java.lang.Object.lambda$maxBy$1(Ljava/util/Comparator;Ljava/lang/Object;Ljava/lang/Object;)Ljava/lang/Object;> (0x00000000dc2ec600) thrown at [C:\re\workspace\8-2-build-windows-amd64-cygwin\jdk8u181\11358\hotspo
Event: 185.019 Thread 0x000000001d9f0800 Implicit null exception at 0x0000000002bee31a to 0x0000000002bee3ba

Events (10 events):
Event: 185.094 loading class com/android/tools/r8/graph/f0
Event: 185.094 loading class com/android/tools/r8/graph/f0 done
Event: 185.094 loading class com/android/tools/r8/dex/r
Event: 185.094 loading class com/android/tools/r8/dex/r done
Event: 185.095 loading class com/android/tools/r8/graph/B
Event: 185.095 loading class com/android/tools/r8/graph/B done
Event: 185.095 loading class com/android/tools/r8/graph/B
Event: 185.095 loading class com/android/tools/r8/graph/B done
Event: 185.095 loading class com/android/tools/r8/dex/r
Event: 185.095 loading class com/android/tools/r8/dex/r done


Dynamic libraries:
0x00007ff66a100000 - 0x00007ff66a137000 	C:\Program Files\Java\jdk1.8.0_181\bin\java.exe
0x00007ffeb3d30000 - 0x00007ffeb3f25000 	C:\WINDOWS\SYSTEM32\ntdll.dll
0x00007ffeb2360000 - 0x00007ffeb241d000 	C:\WINDOWS\System32\KERNEL32.DLL
0x00007ffeb16a0000 - 0x00007ffeb1968000 	C:\WINDOWS\System32\KERNELBASE.dll
0x00007ffeb3120000 - 0x00007ffeb31cc000 	C:\WINDOWS\System32\ADVAPI32.dll
0x00007ffeb2a90000 - 0x00007ffeb2b2e000 	C:\WINDOWS\System32\msvcrt.dll
0x00007ffeb3080000 - 0x00007ffeb311b000 	C:\WINDOWS\System32\sechost.dll
0x00007ffeb1e70000 - 0x00007ffeb1f9b000 	C:\WINDOWS\System32\RPCRT4.dll
0x00007ffeb2030000 - 0x00007ffeb21d0000 	C:\WINDOWS\System32\USER32.dll
0x00007ffeb1470000 - 0x00007ffeb1492000 	C:\WINDOWS\System32\win32u.dll
0x00007ffeb3c30000 - 0x00007ffeb3c5a000 	C:\WINDOWS\System32\GDI32.dll
0x00007ffeb1c90000 - 0x00007ffeb1d9b000 	C:\WINDOWS\System32\gdi32full.dll
0x00007ffeb15a0000 - 0x00007ffeb163d000 	C:\WINDOWS\System32\msvcp_win.dll
0x00007ffeb1970000 - 0x00007ffeb1a70000 	C:\WINDOWS\System32\ucrtbase.dll
0x00007ffe9c3d0000 - 0x00007ffe9c66a000 	C:\WINDOWS\WinSxS\amd64_microsoft.windows.common-controls_6595b64144ccf1df_6.0.19041.1052_none_60b8f8fd71f5e8cb\COMCTL32.dll
0x00007ffeb3c60000 - 0x00007ffeb3c90000 	C:\WINDOWS\System32\IMM32.DLL
0x0000000077940000 - 0x0000000077a12000 	C:\Program Files\Java\jdk1.8.0_181\jre\bin\msvcr100.dll
0x0000000076570000 - 0x0000000076e12000 	C:\Program Files\Java\jdk1.8.0_181\jre\bin\server\jvm.dll
0x00007ffeb2000000 - 0x00007ffeb2008000 	C:\WINDOWS\System32\PSAPI.DLL
0x00007ffea2e10000 - 0x00007ffea2e37000 	C:\WINDOWS\SYSTEM32\WINMM.dll
0x00007ffea64a0000 - 0x00007ffea64aa000 	C:\WINDOWS\SYSTEM32\VERSION.dll
0x00007ffe8d660000 - 0x00007ffe8d669000 	C:\WINDOWS\SYSTEM32\WSOCK32.dll
0x00007ffeb22f0000 - 0x00007ffeb235b000 	C:\WINDOWS\System32\WS2_32.dll
0x0000000050000000 - 0x000000005000f000 	C:\Program Files\Java\jdk1.8.0_181\jre\bin\verify.dll
0x0000000077910000 - 0x0000000077939000 	C:\Program Files\Java\jdk1.8.0_181\jre\bin\java.dll
0x00000000778f0000 - 0x0000000077906000 	C:\Program Files\Java\jdk1.8.0_181\jre\bin\zip.dll
0x00007ffeb32e0000 - 0x00007ffeb3a1f000 	C:\WINDOWS\System32\SHELL32.dll
0x00007ffeaf550000 - 0x00007ffeafce0000 	C:\WINDOWS\SYSTEM32\windows.storage.dll
0x00007ffeb2420000 - 0x00007ffeb2775000 	C:\WINDOWS\System32\combase.dll
0x00007ffeb0e10000 - 0x00007ffeb0e3c000 	C:\WINDOWS\SYSTEM32\Wldp.dll
0x00007ffeb29e0000 - 0x00007ffeb2a8e000 	C:\WINDOWS\System32\SHCORE.dll
0x00007ffeb3c90000 - 0x00007ffeb3ce5000 	C:\WINDOWS\System32\shlwapi.dll
0x00007ffeb13b0000 - 0x00007ffeb13cf000 	C:\WINDOWS\SYSTEM32\profapi.dll
0x00000000778d0000 - 0x00000000778ea000 	C:\Program Files\Java\jdk1.8.0_181\jre\bin\net.dll
0x00007ffeb0b80000 - 0x00007ffeb0bea000 	C:\WINDOWS\system32\mswsock.dll
0x00000000778b0000 - 0x00000000778c1000 	C:\Program Files\Java\jdk1.8.0_181\jre\bin\nio.dll
0x00007ffea7250000 - 0x00007ffea7277000 	C:\Users\HP\.gradle\native\fdc75f09e3144964f2cf3f50f0aa648679c211496f362492102eb8c894070792\windows-amd64\native-platform.dll
0x00007ffe70920000 - 0x00007ffe70ab6000 	C:\Users\HP\.gradle\native\12488b8bf47d2d4c9fbf2f6322a914ad602e24e48041cd04a747c6da556b65c4\windows-amd64\native-platform-file-events.dll
0x0000000077df0000 - 0x0000000077dfd000 	C:\Program Files\Java\jdk1.8.0_181\jre\bin\management.dll
0x00007ffeb0d60000 - 0x00007ffeb0d78000 	C:\WINDOWS\SYSTEM32\CRYPTSP.dll
0x00007ffeb0520000 - 0x00007ffeb0554000 	C:\WINDOWS\system32\rsaenh.dll
0x00007ffeb1c60000 - 0x00007ffeb1c87000 	C:\WINDOWS\System32\bcrypt.dll
0x00007ffeb1370000 - 0x00007ffeb139e000 	C:\WINDOWS\SYSTEM32\USERENV.dll
0x00007ffeb1bd0000 - 0x00007ffeb1c53000 	C:\WINDOWS\System32\bcryptprimitives.dll
0x00007ffeb0d50000 - 0x00007ffeb0d5c000 	C:\WINDOWS\SYSTEM32\CRYPTBASE.dll
0x00007ffeb0870000 - 0x00007ffeb08ab000 	C:\WINDOWS\SYSTEM32\IPHLPAPI.DLL
0x00007ffeb29d0000 - 0x00007ffeb29d8000 	C:\WINDOWS\System32\NSI.dll
0x00007ffeab4d0000 - 0x00007ffeab4e7000 	C:\WINDOWS\SYSTEM32\dhcpcsvc6.DLL
0x00007ffeab240000 - 0x00007ffeab25d000 	C:\WINDOWS\SYSTEM32\dhcpcsvc.DLL
0x00007ffeb08b0000 - 0x00007ffeb097c000 	C:\WINDOWS\SYSTEM32\DNSAPI.dll
0x00007ffea6170000 - 0x00007ffea617b000 	C:\WINDOWS\SYSTEM32\WINNSI.DLL
0x00007ffea7230000 - 0x00007ffea724e000 	C:\Users\HP\AppData\Local\Temp\native-platform3691344690637462356dir\native-platform.dll
0x0000000066e00000 - 0x0000000066f03000 	C:\Users\HP\AppData\Local\Temp\room-fdada360-1216-4d21-9326-9985fb42b1fb\sqlite-3.25.2-6fe32cf7-73cd-4619-a44c-b52c11f22f96-sqlitejdbc.dll

VM Arguments:
jvm_args: -XX:MaxPermSize=512m -XX:+HeapDumpOnOutOfMemoryError -Xmx2048m -Dfile.encoding=UTF-8 -Duser.country=FR -Duser.language=fr -Duser.variant 
java_command: org.gradle.launcher.daemon.bootstrap.GradleDaemon 6.8
java_class_path (initial): C:\Users\HP\.gradle\wrapper\dists\gradle-6.8-all\9emh0d32e025cam7aasxcw002\gradle-6.8\lib\gradle-launcher-6.8.jar
Launcher Type: SUN_STANDARD

Environment Variables:
JAVA_HOME=C:\Program Files\Java\jdk1.8.0_181\
CLASSPATH=C:\Users\HP\Documents\4YDAYS\app\android\\gradle\wrapper\gradle-wrapper.jar
USERNAME=Mêriéèm
OS=Windows_NT
PROCESSOR_IDENTIFIER=Intel64 Family 6 Model 142 Stepping 9, GenuineIntel



---------------  S Y S T E M  ---------------

OS: Windows 10.0 , 64 bit Build 19041 (10.0.19041.1023)

CPU:total 4 (initial active 4) (2 cores per cpu, 2 threads per core) family 6 model 142 stepping 9, cmov, cx8, fxsr, mmx, sse, sse2, sse3, ssse3, sse4.1, sse4.2, popcnt, avx, avx2, aes, clmul, erms, 3dnowpref, lzcnt, ht, tsc, tscinvbit, bmi1, bmi2, adx

Memory: 4k page, physical 16671948k(2990192k free), swap 17720524k(5120k free)

vm_info: Java HotSpot(TM) 64-Bit Server VM (25.181-b13) for windows-amd64 JRE (1.8.0_181-b13), built on Jul  7 2018 04:01:33 by "java_re" with MS VC++ 10.0 (VS2010)

time: Wed Jun 16 11:48:26 2021
elapsed time: 185 seconds (0d 0h 3m 5s)

